[1.437s] Invoking command in '/home/niiro/ros2_ws/src/luxonis': PYTHONPATH=/home/niiro/ros2_ws/build/luxonis/prefix_override:/usr/lib/python3/dist-packages/colcon_core/task/python/colcon_distutils_commands:/home/niiro/ros2_ws/install/luxonis/lib/python3.10/site-packages:${PYTHONPATH} /usr/bin/python3 -W ignore:setup.py install is deprecated setup.py egg_info --egg-base ../../build/luxonis build --build-base /home/niiro/ros2_ws/build/luxonis/build install --record /home/niiro/ros2_ws/build/luxonis/install.log --single-version-externally-managed install_data
[1.999s] running egg_info
[2.002s] writing ../../build/luxonis/luxonis.egg-info/PKG-INFO
[2.004s] writing dependency_links to ../../build/luxonis/luxonis.egg-info/dependency_links.txt
[2.006s] writing entry points to ../../build/luxonis/luxonis.egg-info/entry_points.txt
[2.007s] writing requirements to ../../build/luxonis/luxonis.egg-info/requires.txt
[2.008s] writing top-level names to ../../build/luxonis/luxonis.egg-info/top_level.txt
[2.014s] reading manifest file '../../build/luxonis/luxonis.egg-info/SOURCES.txt'
[2.015s] adding license file 'LICENSE'
[2.016s] writing manifest file '../../build/luxonis/luxonis.egg-info/SOURCES.txt'
[2.017s] running build
[2.017s] running build_py
[2.017s] copying luxonis/publisherRGB.py -> /home/niiro/ros2_ws/build/luxonis/build/lib/luxonis
[2.019s] copying luxonis/subscriberRGB.py -> /home/niiro/ros2_ws/build/luxonis/build/lib/luxonis
[2.020s] running install
[2.020s] running install_lib
[2.022s] copying /home/niiro/ros2_ws/build/luxonis/build/lib/luxonis/publisherRGB.py -> /home/niiro/ros2_ws/install/luxonis/lib/python3.10/site-packages/luxonis
[2.023s] copying /home/niiro/ros2_ws/build/luxonis/build/lib/luxonis/subscriberRGB.py -> /home/niiro/ros2_ws/install/luxonis/lib/python3.10/site-packages/luxonis
[2.024s] byte-compiling /home/niiro/ros2_ws/install/luxonis/lib/python3.10/site-packages/luxonis/publisherRGB.py to publisherRGB.cpython-310.pyc
[2.027s] byte-compiling /home/niiro/ros2_ws/install/luxonis/lib/python3.10/site-packages/luxonis/subscriberRGB.py to subscriberRGB.cpython-310.pyc
[2.033s] running install_data
[2.033s] running install_egg_info
[2.037s] removing '/home/niiro/ros2_ws/install/luxonis/lib/python3.10/site-packages/luxonis-0.0.0-py3.10.egg-info' (and everything under it)
[2.038s] Copying ../../build/luxonis/luxonis.egg-info to /home/niiro/ros2_ws/install/luxonis/lib/python3.10/site-packages/luxonis-0.0.0-py3.10.egg-info
[2.041s] running install_scripts
[2.097s] Installing applicant script to /home/niiro/ros2_ws/install/luxonis/lib/luxonis
[2.098s] Installing publisherRGB script to /home/niiro/ros2_ws/install/luxonis/lib/luxonis
[2.098s] Installing subscriberRGB script to /home/niiro/ros2_ws/install/luxonis/lib/luxonis
[2.099s] Installing test script to /home/niiro/ros2_ws/install/luxonis/lib/luxonis
[2.100s] writing list of installed files to '/home/niiro/ros2_ws/build/luxonis/install.log'
[2.194s] Invoked command in '/home/niiro/ros2_ws/src/luxonis' returned '0': PYTHONPATH=/home/niiro/ros2_ws/build/luxonis/prefix_override:/usr/lib/python3/dist-packages/colcon_core/task/python/colcon_distutils_commands:/home/niiro/ros2_ws/install/luxonis/lib/python3.10/site-packages:${PYTHONPATH} /usr/bin/python3 -W ignore:setup.py install is deprecated setup.py egg_info --egg-base ../../build/luxonis build --build-base /home/niiro/ros2_ws/build/luxonis/build install --record /home/niiro/ros2_ws/build/luxonis/install.log --single-version-externally-managed install_data
