[1.478s] Invoking command in '/home/niiro/ros2_ws/src/luxonis': PYTHONPATH=/home/niiro/ros2_ws/build/luxonis/prefix_override:/usr/lib/python3/dist-packages/colcon_core/task/python/colcon_distutils_commands:/home/niiro/ros2_ws/install/luxonis/lib/python3.10/site-packages:${PYTHONPATH} /usr/bin/python3 -W ignore:setup.py install is deprecated setup.py egg_info --egg-base ../../build/luxonis build --build-base /home/niiro/ros2_ws/build/luxonis/build install --record /home/niiro/ros2_ws/build/luxonis/install.log --single-version-externally-managed install_data
[2.018s] running egg_info
[2.021s] writing ../../build/luxonis/luxonis.egg-info/PKG-INFO
[2.021s] writing dependency_links to ../../build/luxonis/luxonis.egg-info/dependency_links.txt
[2.022s] writing entry points to ../../build/luxonis/luxonis.egg-info/entry_points.txt
[2.023s] writing requirements to ../../build/luxonis/luxonis.egg-info/requires.txt
[2.024s] writing top-level names to ../../build/luxonis/luxonis.egg-info/top_level.txt
[2.025s] reading manifest file '../../build/luxonis/luxonis.egg-info/SOURCES.txt'
[2.026s] adding license file 'LICENSE'
[2.028s] writing manifest file '../../build/luxonis/luxonis.egg-info/SOURCES.txt'
[2.028s] running build
[2.029s] running build_py
[2.030s] running install
[2.031s] running install_lib
[2.033s] running install_data
[2.046s] running install_egg_info
[2.047s] removing '/home/niiro/ros2_ws/install/luxonis/lib/python3.10/site-packages/luxonis-0.0.0-py3.10.egg-info' (and everything under it)
[2.047s] Copying ../../build/luxonis/luxonis.egg-info to /home/niiro/ros2_ws/install/luxonis/lib/python3.10/site-packages/luxonis-0.0.0-py3.10.egg-info
[2.047s] running install_scripts
[2.085s] Installing applicant script to /home/niiro/ros2_ws/install/luxonis/lib/luxonis
[2.086s] Installing publisherRGB script to /home/niiro/ros2_ws/install/luxonis/lib/luxonis
[2.086s] Installing subscriberRGB script to /home/niiro/ros2_ws/install/luxonis/lib/luxonis
[2.088s] Installing test script to /home/niiro/ros2_ws/install/luxonis/lib/luxonis
[2.089s] writing list of installed files to '/home/niiro/ros2_ws/build/luxonis/install.log'
[2.144s] Invoked command in '/home/niiro/ros2_ws/src/luxonis' returned '0': PYTHONPATH=/home/niiro/ros2_ws/build/luxonis/prefix_override:/usr/lib/python3/dist-packages/colcon_core/task/python/colcon_distutils_commands:/home/niiro/ros2_ws/install/luxonis/lib/python3.10/site-packages:${PYTHONPATH} /usr/bin/python3 -W ignore:setup.py install is deprecated setup.py egg_info --egg-base ../../build/luxonis build --build-base /home/niiro/ros2_ws/build/luxonis/build install --record /home/niiro/ros2_ws/build/luxonis/install.log --single-version-externally-managed install_data
