[1.389s] Invoking command in '/home/niiro/ros2_ws/src/luxonis': PYTHONPATH=/home/niiro/ros2_ws/build/luxonis/prefix_override:/usr/lib/python3/dist-packages/colcon_core/task/python/colcon_distutils_commands:/home/niiro/ros2_ws/install/luxonis/lib/python3.10/site-packages:${PYTHONPATH} /usr/bin/python3 -W ignore:setup.py install is deprecated setup.py egg_info --egg-base ../../build/luxonis build --build-base /home/niiro/ros2_ws/build/luxonis/build install --record /home/niiro/ros2_ws/build/luxonis/install.log --single-version-externally-managed install_data
[1.939s] running egg_info
[1.941s] writing ../../build/luxonis/luxonis.egg-info/PKG-INFO
[1.942s] writing dependency_links to ../../build/luxonis/luxonis.egg-info/dependency_links.txt
[1.942s] writing entry points to ../../build/luxonis/luxonis.egg-info/entry_points.txt
[1.944s] writing requirements to ../../build/luxonis/luxonis.egg-info/requires.txt
[1.945s] writing top-level names to ../../build/luxonis/luxonis.egg-info/top_level.txt
[1.947s] reading manifest file '../../build/luxonis/luxonis.egg-info/SOURCES.txt'
[1.948s] adding license file 'LICENSE'
[1.949s] writing manifest file '../../build/luxonis/luxonis.egg-info/SOURCES.txt'
[1.949s] running build
[1.949s] running build_py
[1.952s] copying luxonis/publisher.py -> /home/niiro/ros2_ws/build/luxonis/build/lib/luxonis
[1.952s] running install
[1.952s] running install_lib
[1.955s] copying /home/niiro/ros2_ws/build/luxonis/build/lib/luxonis/publisher.py -> /home/niiro/ros2_ws/install/luxonis/lib/python3.10/site-packages/luxonis
[1.956s] byte-compiling /home/niiro/ros2_ws/install/luxonis/lib/python3.10/site-packages/luxonis/publisher.py to publisher.cpython-310.pyc
[1.959s] running install_data
[1.959s] running install_egg_info
[1.963s] removing '/home/niiro/ros2_ws/install/luxonis/lib/python3.10/site-packages/luxonis-0.0.0-py3.10.egg-info' (and everything under it)
[1.963s] Copying ../../build/luxonis/luxonis.egg-info to /home/niiro/ros2_ws/install/luxonis/lib/python3.10/site-packages/luxonis-0.0.0-py3.10.egg-info
[1.966s] running install_scripts
[2.008s] Installing applicant script to /home/niiro/ros2_ws/install/luxonis/lib/luxonis
[2.010s] Installing publisher script to /home/niiro/ros2_ws/install/luxonis/lib/luxonis
[2.010s] Installing subscriberDepth script to /home/niiro/ros2_ws/install/luxonis/lib/luxonis
[2.010s] Installing subscriberRGB script to /home/niiro/ros2_ws/install/luxonis/lib/luxonis
[2.011s] writing list of installed files to '/home/niiro/ros2_ws/build/luxonis/install.log'
[2.069s] Invoked command in '/home/niiro/ros2_ws/src/luxonis' returned '0': PYTHONPATH=/home/niiro/ros2_ws/build/luxonis/prefix_override:/usr/lib/python3/dist-packages/colcon_core/task/python/colcon_distutils_commands:/home/niiro/ros2_ws/install/luxonis/lib/python3.10/site-packages:${PYTHONPATH} /usr/bin/python3 -W ignore:setup.py install is deprecated setup.py egg_info --egg-base ../../build/luxonis build --build-base /home/niiro/ros2_ws/build/luxonis/build install --record /home/niiro/ros2_ws/build/luxonis/install.log --single-version-externally-managed install_data
