[1.433s] Invoking command in '/home/niiro/ros2_ws/src/luxonis': PYTHONPATH=/home/niiro/ros2_ws/build/luxonis/prefix_override:/usr/lib/python3/dist-packages/colcon_core/task/python/colcon_distutils_commands:/home/niiro/ros2_ws/install/luxonis/lib/python3.10/site-packages:${PYTHONPATH} /usr/bin/python3 -W ignore:setup.py install is deprecated setup.py egg_info --egg-base ../../build/luxonis build --build-base /home/niiro/ros2_ws/build/luxonis/build install --record /home/niiro/ros2_ws/build/luxonis/install.log --single-version-externally-managed install_data
[2.058s] running egg_info
[2.060s] writing ../../build/luxonis/luxonis.egg-info/PKG-INFO
[2.062s] writing dependency_links to ../../build/luxonis/luxonis.egg-info/dependency_links.txt
[2.062s] writing entry points to ../../build/luxonis/luxonis.egg-info/entry_points.txt
[2.062s] writing requirements to ../../build/luxonis/luxonis.egg-info/requires.txt
[2.062s] writing top-level names to ../../build/luxonis/luxonis.egg-info/top_level.txt
[2.066s] reading manifest file '../../build/luxonis/luxonis.egg-info/SOURCES.txt'
[2.066s] adding license file 'LICENSE'
[2.068s] writing manifest file '../../build/luxonis/luxonis.egg-info/SOURCES.txt'
[2.069s] running build
[2.069s] running build_py
[2.069s] copying luxonis/publisher.py -> /home/niiro/ros2_ws/build/luxonis/build/lib/luxonis
[2.071s] running install
[2.071s] running install_lib
[2.072s] copying /home/niiro/ros2_ws/build/luxonis/build/lib/luxonis/publisher.py -> /home/niiro/ros2_ws/install/luxonis/lib/python3.10/site-packages/luxonis
[2.074s] byte-compiling /home/niiro/ros2_ws/install/luxonis/lib/python3.10/site-packages/luxonis/publisher.py to publisher.cpython-310.pyc
[2.076s] running install_data
[2.077s] running install_egg_info
[2.080s] removing '/home/niiro/ros2_ws/install/luxonis/lib/python3.10/site-packages/luxonis-0.0.0-py3.10.egg-info' (and everything under it)
[2.081s] Copying ../../build/luxonis/luxonis.egg-info to /home/niiro/ros2_ws/install/luxonis/lib/python3.10/site-packages/luxonis-0.0.0-py3.10.egg-info
[2.083s] running install_scripts
[2.157s] Installing applicant script to /home/niiro/ros2_ws/install/luxonis/lib/luxonis
[2.158s] Installing publisher script to /home/niiro/ros2_ws/install/luxonis/lib/luxonis
[2.158s] Installing subscriberRGB script to /home/niiro/ros2_ws/install/luxonis/lib/luxonis
[2.158s] Installing test script to /home/niiro/ros2_ws/install/luxonis/lib/luxonis
[2.158s] writing list of installed files to '/home/niiro/ros2_ws/build/luxonis/install.log'
[2.253s] Invoked command in '/home/niiro/ros2_ws/src/luxonis' returned '0': PYTHONPATH=/home/niiro/ros2_ws/build/luxonis/prefix_override:/usr/lib/python3/dist-packages/colcon_core/task/python/colcon_distutils_commands:/home/niiro/ros2_ws/install/luxonis/lib/python3.10/site-packages:${PYTHONPATH} /usr/bin/python3 -W ignore:setup.py install is deprecated setup.py egg_info --egg-base ../../build/luxonis build --build-base /home/niiro/ros2_ws/build/luxonis/build install --record /home/niiro/ros2_ws/build/luxonis/install.log --single-version-externally-managed install_data
