running egg_info
writing ../../build/luxonis/luxonis.egg-info/PKG-INFO
writing dependency_links to ../../build/luxonis/luxonis.egg-info/dependency_links.txt
writing entry points to ../../build/luxonis/luxonis.egg-info/entry_points.txt
writing requirements to ../../build/luxonis/luxonis.egg-info/requires.txt
writing top-level names to ../../build/luxonis/luxonis.egg-info/top_level.txt
reading manifest file '../../build/luxonis/luxonis.egg-info/SOURCES.txt'
adding license file 'LICENSE'
writing manifest file '../../build/luxonis/luxonis.egg-info/SOURCES.txt'
running build
running build_py
copying luxonis/__init__.py -> /home/niiro/ros2_ws/build/luxonis/build/lib/luxonis
copying luxonis/publisherRGB.py -> /home/niiro/ros2_ws/build/luxonis/build/lib/luxonis
copying luxonis/applicant.py -> /home/niiro/ros2_ws/build/luxonis/build/lib/luxonis
copying luxonis/takePhoto.py -> /home/niiro/ros2_ws/build/luxonis/build/lib/luxonis
copying luxonis/subscriberRGB.py -> /home/niiro/ros2_ws/build/luxonis/build/lib/luxonis
running install
running install_lib
copying /home/niiro/ros2_ws/build/luxonis/build/lib/luxonis/__init__.py -> /home/niiro/ros2_ws/install/luxonis/lib/python3.10/site-packages/luxonis
copying /home/niiro/ros2_ws/build/luxonis/build/lib/luxonis/publisherRGB.py -> /home/niiro/ros2_ws/install/luxonis/lib/python3.10/site-packages/luxonis
copying /home/niiro/ros2_ws/build/luxonis/build/lib/luxonis/applicant.py -> /home/niiro/ros2_ws/install/luxonis/lib/python3.10/site-packages/luxonis
copying /home/niiro/ros2_ws/build/luxonis/build/lib/luxonis/takePhoto.py -> /home/niiro/ros2_ws/install/luxonis/lib/python3.10/site-packages/luxonis
copying /home/niiro/ros2_ws/build/luxonis/build/lib/luxonis/subscriberRGB.py -> /home/niiro/ros2_ws/install/luxonis/lib/python3.10/site-packages/luxonis
byte-compiling /home/niiro/ros2_ws/install/luxonis/lib/python3.10/site-packages/luxonis/__init__.py to __init__.cpython-310.pyc
byte-compiling /home/niiro/ros2_ws/install/luxonis/lib/python3.10/site-packages/luxonis/publisherRGB.py to publisherRGB.cpython-310.pyc
byte-compiling /home/niiro/ros2_ws/install/luxonis/lib/python3.10/site-packages/luxonis/applicant.py to applicant.cpython-310.pyc
byte-compiling /home/niiro/ros2_ws/install/luxonis/lib/python3.10/site-packages/luxonis/takePhoto.py to takePhoto.cpython-310.pyc
byte-compiling /home/niiro/ros2_ws/install/luxonis/lib/python3.10/site-packages/luxonis/subscriberRGB.py to subscriberRGB.cpython-310.pyc
running install_data
copying package.xml -> /home/niiro/ros2_ws/install/luxonis/share/luxonis
running install_egg_info
removing '/home/niiro/ros2_ws/install/luxonis/lib/python3.10/site-packages/luxonis-0.0.0-py3.10.egg-info' (and everything under it)
Copying ../../build/luxonis/luxonis.egg-info to /home/niiro/ros2_ws/install/luxonis/lib/python3.10/site-packages/luxonis-0.0.0-py3.10.egg-info
running install_scripts
Installing applicant script to /home/niiro/ros2_ws/install/luxonis/lib/luxonis
Installing publisherRGB script to /home/niiro/ros2_ws/install/luxonis/lib/luxonis
Installing subscriberRGB script to /home/niiro/ros2_ws/install/luxonis/lib/luxonis
Installing test script to /home/niiro/ros2_ws/install/luxonis/lib/luxonis
writing list of installed files to '/home/niiro/ros2_ws/build/luxonis/install.log'
