[1.626s] Invoking command in '/home/niiro/ros2_ws/src/luxonis': PYTHONPATH=/home/niiro/ros2_ws/build/luxonis/prefix_override:/usr/lib/python3/dist-packages/colcon_core/task/python/colcon_distutils_commands:/home/niiro/ros2_ws/install/luxonis/lib/python3.10/site-packages:${PYTHONPATH} /usr/bin/python3 -W ignore:setup.py install is deprecated setup.py egg_info --egg-base ../../build/luxonis build --build-base /home/niiro/ros2_ws/build/luxonis/build install --record /home/niiro/ros2_ws/build/luxonis/install.log --single-version-externally-managed install_data
[2.156s] running egg_info
[2.157s] writing ../../build/luxonis/luxonis.egg-info/PKG-INFO
[2.158s] writing dependency_links to ../../build/luxonis/luxonis.egg-info/dependency_links.txt
[2.158s] writing entry points to ../../build/luxonis/luxonis.egg-info/entry_points.txt
[2.159s] writing requirements to ../../build/luxonis/luxonis.egg-info/requires.txt
[2.159s] writing top-level names to ../../build/luxonis/luxonis.egg-info/top_level.txt
[2.163s] reading manifest file '../../build/luxonis/luxonis.egg-info/SOURCES.txt'
[2.164s] adding license file 'LICENSE'
[2.166s] writing manifest file '../../build/luxonis/luxonis.egg-info/SOURCES.txt'
[2.167s] running build
[2.167s] running build_py
[2.167s] copying luxonis/publisher.py -> /home/niiro/ros2_ws/build/luxonis/build/lib/luxonis
[2.168s] running install
[2.169s] running install_lib
[2.171s] copying /home/niiro/ros2_ws/build/luxonis/build/lib/luxonis/publisher.py -> /home/niiro/ros2_ws/install/luxonis/lib/python3.10/site-packages/luxonis
[2.172s] byte-compiling /home/niiro/ros2_ws/install/luxonis/lib/python3.10/site-packages/luxonis/publisher.py to publisher.cpython-310.pyc
[2.175s] running install_data
[2.175s] running install_egg_info
[2.179s] removing '/home/niiro/ros2_ws/install/luxonis/lib/python3.10/site-packages/luxonis-0.0.0-py3.10.egg-info' (and everything under it)
[2.179s] Copying ../../build/luxonis/luxonis.egg-info to /home/niiro/ros2_ws/install/luxonis/lib/python3.10/site-packages/luxonis-0.0.0-py3.10.egg-info
[2.182s] running install_scripts
[2.225s] Installing applicant script to /home/niiro/ros2_ws/install/luxonis/lib/luxonis
[2.226s] Installing publisher script to /home/niiro/ros2_ws/install/luxonis/lib/luxonis
[2.226s] Installing subscriberRGB script to /home/niiro/ros2_ws/install/luxonis/lib/luxonis
[2.227s] Installing test script to /home/niiro/ros2_ws/install/luxonis/lib/luxonis
[2.228s] writing list of installed files to '/home/niiro/ros2_ws/build/luxonis/install.log'
[2.289s] Invoked command in '/home/niiro/ros2_ws/src/luxonis' returned '0': PYTHONPATH=/home/niiro/ros2_ws/build/luxonis/prefix_override:/usr/lib/python3/dist-packages/colcon_core/task/python/colcon_distutils_commands:/home/niiro/ros2_ws/install/luxonis/lib/python3.10/site-packages:${PYTHONPATH} /usr/bin/python3 -W ignore:setup.py install is deprecated setup.py egg_info --egg-base ../../build/luxonis build --build-base /home/niiro/ros2_ws/build/luxonis/build install --record /home/niiro/ros2_ws/build/luxonis/install.log --single-version-externally-managed install_data
