[0.025s] Invoking command in '/home/niiro/ros2_ws/build/turtlesim': CMAKE_PREFIX_PATH=/opt/ros/humble /usr/bin/cmake /home/niiro/ros2_ws/src/ros_tutorials/turtlesim -DCMAKE_INSTALL_PREFIX=/home/niiro/ros2_ws/install/turtlesim
[0.151s] -- The C compiler identification is GNU 11.4.0
[0.269s] -- The CXX compiler identification is GNU 11.4.0
[0.283s] -- Detecting C compiler ABI info
[0.424s] -- Detecting C compiler ABI info - done
[0.441s] -- Check for working C compiler: /usr/bin/cc - skipped
[0.442s] -- Detecting C compile features
[0.442s] -- Detecting C compile features - done
[0.447s] -- Detecting CXX compiler ABI info
[0.612s] -- Detecting CXX compiler ABI info - done
[0.630s] -- Check for working CXX compiler: /usr/bin/c++ - skipped
[0.630s] -- Detecting CXX compile features
[0.630s] -- Detecting CXX compile features - done
[0.637s] -- Found ament_cmake: 1.3.9 (/opt/ros/humble/share/ament_cmake/cmake)
[0.925s] -- Found Python3: /usr/bin/python3 (found version "3.10.12") found components: Interpreter 
[1.090s] -- Found ament_index_cpp: 1.4.0 (/opt/ros/humble/share/ament_index_cpp/cmake)
[1.093s] -- Found geometry_msgs: 4.2.4 (/opt/ros/humble/share/geometry_msgs/cmake)
[1.164s] -- Found rosidl_generator_c: 3.1.5 (/opt/ros/humble/share/rosidl_generator_c/cmake)
[1.173s] -- Found rosidl_adapter: 3.1.5 (/opt/ros/humble/share/rosidl_adapter/cmake)
[1.190s] -- Found rosidl_generator_cpp: 3.1.5 (/opt/ros/humble/share/rosidl_generator_cpp/cmake)
[1.220s] -- Using all available rosidl_typesupport_c: rosidl_typesupport_fastrtps_c;rosidl_typesupport_introspection_c
[1.265s] -- Using all available rosidl_typesupport_cpp: rosidl_typesupport_fastrtps_cpp;rosidl_typesupport_introspection_cpp
[1.618s] -- Found rclcpp: 16.0.9 (/opt/ros/humble/share/rclcpp/cmake)
[1.757s] -- Found rmw_implementation_cmake: 6.1.2 (/opt/ros/humble/share/rmw_implementation_cmake/cmake)
[1.761s] -- Found rmw_fastrtps_cpp: 6.2.6 (/opt/ros/humble/share/rmw_fastrtps_cpp/cmake)
[1.949s] -- Found OpenSSL: /usr/lib/x86_64-linux-gnu/libcrypto.so (found version "3.0.2")  
[1.993s] -- Found FastRTPS: /opt/ros/humble/include  
[2.082s] -- Using RMW implementation 'rmw_fastrtps_cpp' as default
[2.099s] -- Looking for pthread.h
[2.257s] -- Looking for pthread.h - found
[2.257s] -- Performing Test CMAKE_HAVE_LIBC_PTHREAD
[2.409s] -- Performing Test CMAKE_HAVE_LIBC_PTHREAD - Success
[2.411s] -- Found Threads: TRUE  
[2.744s] -- Found rclcpp_action: 16.0.9 (/opt/ros/humble/share/rclcpp_action/cmake)
[2.985s] -- Found rosidl_default_generators: 1.2.0 (/opt/ros/humble/share/rosidl_default_generators/cmake)
[3.008s] -- Found std_srvs: 4.2.4 (/opt/ros/humble/share/std_srvs/cmake)
[3.722s] -- Found ament_cmake_ros: 0.10.0 (/opt/ros/humble/share/ament_cmake_ros/cmake)
[4.478s] -- Using all available rosidl_typesupport_c: rosidl_typesupport_fastrtps_c;rosidl_typesupport_introspection_c
[4.787s] -- Using all available rosidl_typesupport_cpp: rosidl_typesupport_fastrtps_cpp;rosidl_typesupport_introspection_cpp
[4.839s] -- Found PythonInterp: /usr/bin/python3 (found suitable version "3.10.12", minimum required is "3.6") 
[4.842s] -- Found python_cmake_module: 0.10.0 (/opt/ros/humble/share/python_cmake_module/cmake)
[4.907s] -- Found PythonLibs: /usr/lib/x86_64-linux-gnu/libpython3.10.so (found suitable version "3.10.12", minimum required is "3.5") 
[4.908s] -- Using PYTHON_EXECUTABLE: /usr/bin/python3
[4.908s] -- Using PYTHON_INCLUDE_DIRS: /usr/include/python3.10
[4.908s] -- Using PYTHON_LIBRARIES: /usr/lib/x86_64-linux-gnu/libpython3.10.so
[4.952s] -- Found PythonExtra: .so  
[5.076s] -- Configuring done
[5.232s] -- Generating done
[5.240s] -- Build files have been written to: /home/niiro/ros2_ws/build/turtlesim
[5.274s] Invoked command in '/home/niiro/ros2_ws/build/turtlesim' returned '0': CMAKE_PREFIX_PATH=/opt/ros/humble /usr/bin/cmake /home/niiro/ros2_ws/src/ros_tutorials/turtlesim -DCMAKE_INSTALL_PREFIX=/home/niiro/ros2_ws/install/turtlesim
[5.275s] Invoking command in '/home/niiro/ros2_ws/build/turtlesim': CMAKE_PREFIX_PATH=/opt/ros/humble /usr/bin/cmake --build /home/niiro/ros2_ws/build/turtlesim -- -j2 -l2
[5.396s] [  1%] [34m[1mGenerating C code for ROS interfaces[0m
[5.406s] [  2%] [34m[1mGenerating C++ code for ROS interfaces[0m
[8.292s] [  2%] Built target turtlesim__cpp
[8.369s] [  2%] Built target ament_cmake_python_copy_turtlesim
[8.396s] [  3%] [34m[1mGenerating C++ type support dispatch for ROS interfaces[0m
[8.710s] [  4%] [32mBuilding C object CMakeFiles/turtlesim__rosidl_generator_c.dir/rosidl_generator_c/turtlesim/action/detail/rotate_absolute__functions.c.o[0m
[8.994s] [  5%] [32mBuilding C object CMakeFiles/turtlesim__rosidl_generator_c.dir/rosidl_generator_c/turtlesim/msg/detail/color__functions.c.o[0m
[9.103s] [  6%] [32mBuilding C object CMakeFiles/turtlesim__rosidl_generator_c.dir/rosidl_generator_c/turtlesim/msg/detail/pose__functions.c.o[0m
[9.214s] [  7%] [32mBuilding C object CMakeFiles/turtlesim__rosidl_generator_c.dir/rosidl_generator_c/turtlesim/srv/detail/kill__functions.c.o[0m
[9.345s] [  8%] [32mBuilding C object CMakeFiles/turtlesim__rosidl_generator_c.dir/rosidl_generator_c/turtlesim/srv/detail/set_pen__functions.c.o[0m
[9.474s] [  9%] [32mBuilding C object CMakeFiles/turtlesim__rosidl_generator_c.dir/rosidl_generator_c/turtlesim/srv/detail/spawn__functions.c.o[0m
[9.613s] [ 10%] [32mBuilding C object CMakeFiles/turtlesim__rosidl_generator_c.dir/rosidl_generator_c/turtlesim/srv/detail/teleport_absolute__functions.c.o[0m
[9.745s] [ 11%] [32mBuilding C object CMakeFiles/turtlesim__rosidl_generator_c.dir/rosidl_generator_c/turtlesim/srv/detail/teleport_relative__functions.c.o[0m
[9.778s] [ 12%] [32mBuilding CXX object CMakeFiles/turtlesim__rosidl_typesupport_cpp.dir/rosidl_typesupport_cpp/turtlesim/action/rotate_absolute__type_support.cpp.o[0m
[9.967s] [ 13%] [32m[1mLinking C shared library libturtlesim__rosidl_generator_c.so[0m
[10.136s] [ 13%] Built target turtlesim__rosidl_generator_c
[10.166s] [ 14%] [34m[1mGenerating C++ type support for eProsima Fast-RTPS[0m
[11.430s] [ 15%] [32mBuilding CXX object CMakeFiles/turtlesim__rosidl_typesupport_cpp.dir/rosidl_typesupport_cpp/turtlesim/msg/color__type_support.cpp.o[0m
[12.260s] [ 16%] [32mBuilding CXX object CMakeFiles/turtlesim__rosidl_typesupport_cpp.dir/rosidl_typesupport_cpp/turtlesim/msg/pose__type_support.cpp.o[0m
[12.870s] [ 17%] [32mBuilding CXX object CMakeFiles/turtlesim__rosidl_typesupport_fastrtps_cpp.dir/rosidl_typesupport_fastrtps_cpp/turtlesim/action/detail/dds_fastrtps/rotate_absolute__type_support.cpp.o[0m
[13.289s] [ 18%] [32mBuilding CXX object CMakeFiles/turtlesim__rosidl_typesupport_cpp.dir/rosidl_typesupport_cpp/turtlesim/srv/kill__type_support.cpp.o[0m
[14.010s] [ 19%] [32mBuilding CXX object CMakeFiles/turtlesim__rosidl_typesupport_cpp.dir/rosidl_typesupport_cpp/turtlesim/srv/set_pen__type_support.cpp.o[0m
[14.431s] [ 20%] [32mBuilding CXX object CMakeFiles/turtlesim__rosidl_typesupport_fastrtps_cpp.dir/rosidl_typesupport_fastrtps_cpp/turtlesim/msg/detail/dds_fastrtps/color__type_support.cpp.o[0m
[14.919s] [ 21%] [32mBuilding CXX object CMakeFiles/turtlesim__rosidl_typesupport_cpp.dir/rosidl_typesupport_cpp/turtlesim/srv/spawn__type_support.cpp.o[0m
[15.537s] [ 22%] [32mBuilding CXX object CMakeFiles/turtlesim__rosidl_typesupport_fastrtps_cpp.dir/rosidl_typesupport_fastrtps_cpp/turtlesim/msg/detail/dds_fastrtps/pose__type_support.cpp.o[0m
[15.791s] [ 23%] [32mBuilding CXX object CMakeFiles/turtlesim__rosidl_typesupport_cpp.dir/rosidl_typesupport_cpp/turtlesim/srv/teleport_absolute__type_support.cpp.o[0m
[16.498s] [ 24%] [32mBuilding CXX object CMakeFiles/turtlesim__rosidl_typesupport_fastrtps_cpp.dir/rosidl_typesupport_fastrtps_cpp/turtlesim/srv/detail/dds_fastrtps/kill__type_support.cpp.o[0m
[16.683s] [ 25%] [32mBuilding CXX object CMakeFiles/turtlesim__rosidl_typesupport_cpp.dir/rosidl_typesupport_cpp/turtlesim/srv/teleport_relative__type_support.cpp.o[0m
[17.491s] [ 26%] [32mBuilding CXX object CMakeFiles/turtlesim__rosidl_typesupport_fastrtps_cpp.dir/rosidl_typesupport_fastrtps_cpp/turtlesim/srv/detail/dds_fastrtps/set_pen__type_support.cpp.o[0m
[17.570s] [ 27%] [32m[1mLinking CXX shared library libturtlesim__rosidl_typesupport_cpp.so[0m
[17.801s] [ 27%] Built target turtlesim__rosidl_typesupport_cpp
[17.846s] [ 28%] [34m[1mGenerating C introspection for ROS interfaces[0m
[18.550s] [ 29%] [32mBuilding CXX object CMakeFiles/turtlesim__rosidl_typesupport_fastrtps_cpp.dir/rosidl_typesupport_fastrtps_cpp/turtlesim/srv/detail/dds_fastrtps/spawn__type_support.cpp.o[0m
[19.544s] [ 30%] [32mBuilding CXX object CMakeFiles/turtlesim__rosidl_typesupport_fastrtps_cpp.dir/rosidl_typesupport_fastrtps_cpp/turtlesim/srv/detail/dds_fastrtps/teleport_absolute__type_support.cpp.o[0m
[20.057s] [ 31%] [32mBuilding C object CMakeFiles/turtlesim__rosidl_typesupport_introspection_c.dir/rosidl_typesupport_introspection_c/turtlesim/action/detail/rotate_absolute__type_support.c.o[0m
[20.192s] [ 32%] [32mBuilding C object CMakeFiles/turtlesim__rosidl_typesupport_introspection_c.dir/rosidl_typesupport_introspection_c/turtlesim/msg/detail/color__type_support.c.o[0m
[20.282s] [ 33%] [32mBuilding C object CMakeFiles/turtlesim__rosidl_typesupport_introspection_c.dir/rosidl_typesupport_introspection_c/turtlesim/msg/detail/pose__type_support.c.o[0m
[20.370s] [ 34%] [32mBuilding C object CMakeFiles/turtlesim__rosidl_typesupport_introspection_c.dir/rosidl_typesupport_introspection_c/turtlesim/srv/detail/kill__type_support.c.o[0m
[20.521s] [ 35%] [32mBuilding C object CMakeFiles/turtlesim__rosidl_typesupport_introspection_c.dir/rosidl_typesupport_introspection_c/turtlesim/srv/detail/set_pen__type_support.c.o[0m
[20.590s] [ 36%] [32mBuilding CXX object CMakeFiles/turtlesim__rosidl_typesupport_fastrtps_cpp.dir/rosidl_typesupport_fastrtps_cpp/turtlesim/srv/detail/dds_fastrtps/teleport_relative__type_support.cpp.o[0m
[20.659s] [ 37%] [32mBuilding C object CMakeFiles/turtlesim__rosidl_typesupport_introspection_c.dir/rosidl_typesupport_introspection_c/turtlesim/srv/detail/spawn__type_support.c.o[0m
[20.807s] [ 38%] [32mBuilding C object CMakeFiles/turtlesim__rosidl_typesupport_introspection_c.dir/rosidl_typesupport_introspection_c/turtlesim/srv/detail/teleport_absolute__type_support.c.o[0m
[20.939s] [ 39%] [32mBuilding C object CMakeFiles/turtlesim__rosidl_typesupport_introspection_c.dir/rosidl_typesupport_introspection_c/turtlesim/srv/detail/teleport_relative__type_support.c.o[0m
[21.033s] [ 40%] [32m[1mLinking C shared library libturtlesim__rosidl_typesupport_introspection_c.so[0m
[21.133s] [ 40%] Built target turtlesim__rosidl_typesupport_introspection_c
[21.158s] [ 41%] [34m[1mGenerating C type support dispatch for ROS interfaces[0m
[21.694s] [ 42%] [32m[1mLinking CXX shared library libturtlesim__rosidl_typesupport_fastrtps_cpp.so[0m
[21.969s] [ 42%] Built target turtlesim__rosidl_typesupport_fastrtps_cpp
[21.996s] [ 43%] [34m[1mGenerating C++ introspection for ROS interfaces[0m
[22.468s] [ 44%] [32mBuilding CXX object CMakeFiles/turtlesim__rosidl_typesupport_c.dir/rosidl_typesupport_c/turtlesim/action/rotate_absolute__type_support.cpp.o[0m
[22.593s] [ 45%] [32mBuilding CXX object CMakeFiles/turtlesim__rosidl_typesupport_c.dir/rosidl_typesupport_c/turtlesim/msg/color__type_support.cpp.o[0m
[22.665s] [ 46%] [32mBuilding CXX object CMakeFiles/turtlesim__rosidl_typesupport_c.dir/rosidl_typesupport_c/turtlesim/msg/pose__type_support.cpp.o[0m
[22.739s] [ 47%] [32mBuilding CXX object CMakeFiles/turtlesim__rosidl_typesupport_c.dir/rosidl_typesupport_c/turtlesim/srv/kill__type_support.cpp.o[0m
[22.819s] [ 48%] [32mBuilding CXX object CMakeFiles/turtlesim__rosidl_typesupport_c.dir/rosidl_typesupport_c/turtlesim/srv/set_pen__type_support.cpp.o[0m
[22.898s] [ 49%] [32mBuilding CXX object CMakeFiles/turtlesim__rosidl_typesupport_c.dir/rosidl_typesupport_c/turtlesim/srv/spawn__type_support.cpp.o[0m
[22.975s] [ 50%] [32mBuilding CXX object CMakeFiles/turtlesim__rosidl_typesupport_c.dir/rosidl_typesupport_c/turtlesim/srv/teleport_absolute__type_support.cpp.o[0m
[23.052s] [ 51%] [32mBuilding CXX object CMakeFiles/turtlesim__rosidl_typesupport_c.dir/rosidl_typesupport_c/turtlesim/srv/teleport_relative__type_support.cpp.o[0m
[23.134s] [ 52%] [32m[1mLinking CXX shared library libturtlesim__rosidl_typesupport_c.so[0m
[23.240s] [ 52%] Built target turtlesim__rosidl_typesupport_c
[23.758s] [ 53%] [32mBuilding CXX object CMakeFiles/turtlesim__rosidl_typesupport_introspection_cpp.dir/rosidl_typesupport_introspection_cpp/turtlesim/action/detail/rotate_absolute__type_support.cpp.o[0m
[23.826s] running egg_info
[23.828s] creating turtlesim.egg-info
[23.828s] writing turtlesim.egg-info/PKG-INFO
[23.829s] writing dependency_links to turtlesim.egg-info/dependency_links.txt
[23.830s] writing top-level names to turtlesim.egg-info/top_level.txt
[23.831s] writing manifest file 'turtlesim.egg-info/SOURCES.txt'
[23.835s] reading manifest file 'turtlesim.egg-info/SOURCES.txt'
[23.837s] writing manifest file 'turtlesim.egg-info/SOURCES.txt'
[23.904s] [ 53%] Built target ament_cmake_python_build_turtlesim_egg
[23.928s] [ 54%] [34m[1mGenerating include/turtlesim/moc_turtle_frame.cpp[0m
[24.133s] [ 55%] [32mBuilding CXX object CMakeFiles/turtlesim_node.dir/src/turtlesim.cpp.o[0m
[25.152s] [ 56%] [32mBuilding CXX object CMakeFiles/turtlesim__rosidl_typesupport_introspection_cpp.dir/rosidl_typesupport_introspection_cpp/turtlesim/msg/detail/color__type_support.cpp.o[0m
[26.077s] [ 57%] [32mBuilding CXX object CMakeFiles/turtlesim__rosidl_typesupport_introspection_cpp.dir/rosidl_typesupport_introspection_cpp/turtlesim/msg/detail/pose__type_support.cpp.o[0m
[27.003s] [ 58%] [32mBuilding CXX object CMakeFiles/turtlesim__rosidl_typesupport_introspection_cpp.dir/rosidl_typesupport_introspection_cpp/turtlesim/srv/detail/kill__type_support.cpp.o[0m
[27.961s] [ 59%] [32mBuilding CXX object CMakeFiles/turtlesim__rosidl_typesupport_introspection_cpp.dir/rosidl_typesupport_introspection_cpp/turtlesim/srv/detail/set_pen__type_support.cpp.o[0m
[29.012s] [ 60%] [32mBuilding CXX object CMakeFiles/turtlesim__rosidl_typesupport_introspection_cpp.dir/rosidl_typesupport_introspection_cpp/turtlesim/srv/detail/spawn__type_support.cpp.o[0m
[29.997s] [ 61%] [32mBuilding CXX object CMakeFiles/turtlesim__rosidl_typesupport_introspection_cpp.dir/rosidl_typesupport_introspection_cpp/turtlesim/srv/detail/teleport_absolute__type_support.cpp.o[0m
[30.952s] [ 62%] [32mBuilding CXX object CMakeFiles/turtlesim__rosidl_typesupport_introspection_cpp.dir/rosidl_typesupport_introspection_cpp/turtlesim/srv/detail/teleport_relative__type_support.cpp.o[0m
[31.900s] [ 63%] [32m[1mLinking CXX shared library libturtlesim__rosidl_typesupport_introspection_cpp.so[0m
[32.192s] [ 63%] Built target turtlesim__rosidl_typesupport_introspection_cpp
[32.241s] [ 64%] [32mBuilding CXX object CMakeFiles/turtle_teleop_key.dir/tutorials/teleop_turtle_key.cpp.o[0m
[35.004s] [ 65%] [32mBuilding CXX object CMakeFiles/turtlesim_node.dir/src/turtle.cpp.o[0m
[46.433s] [ 66%] [32m[1mLinking CXX executable turtle_teleop_key[0m
[47.408s] [ 66%] Built target turtle_teleop_key
[47.457s] [ 67%] [32mBuilding CXX object CMakeFiles/draw_square.dir/tutorials/draw_square.cpp.o[0m
[63.941s] [ 68%] [32mBuilding CXX object CMakeFiles/turtlesim_node.dir/src/turtle_frame.cpp.o[0m
[69.381s] [ 69%] [32m[1mLinking CXX executable draw_square[0m
[71.146s] [ 69%] Built target draw_square
[71.169s] [ 70%] [32mBuilding CXX object CMakeFiles/turtlesim_node.dir/include/turtlesim/moc_turtle_frame.cpp.o[0m
[82.176s] [ 71%] [32mBuilding CXX object CMakeFiles/mimic.dir/tutorials/mimic.cpp.o[0m
[91.170s] [ 72%] [32m[1mLinking CXX executable turtlesim_node[0m
[99.499s] [ 72%] Built target turtlesim_node
[99.523s] [ 73%] [34m[1mGenerating C type support for eProsima Fast-RTPS[0m
[101.492s] [ 74%] [32mBuilding CXX object CMakeFiles/turtlesim__rosidl_typesupport_fastrtps_c.dir/rosidl_typesupport_fastrtps_c/turtlesim/action/detail/rotate_absolute__type_support_c.cpp.o[0m
[102.433s] [ 75%] [32mBuilding CXX object CMakeFiles/turtlesim__rosidl_typesupport_fastrtps_c.dir/rosidl_typesupport_fastrtps_c/turtlesim/msg/detail/color__type_support_c.cpp.o[0m
[103.233s] [ 76%] [32mBuilding CXX object CMakeFiles/turtlesim__rosidl_typesupport_fastrtps_c.dir/rosidl_typesupport_fastrtps_c/turtlesim/msg/detail/pose__type_support_c.cpp.o[0m
[104.035s] [ 77%] [32mBuilding CXX object CMakeFiles/turtlesim__rosidl_typesupport_fastrtps_c.dir/rosidl_typesupport_fastrtps_c/turtlesim/srv/detail/kill__type_support_c.cpp.o[0m
[104.313s] [ 78%] [32m[1mLinking CXX executable mimic[0m
[104.934s] [ 79%] [32mBuilding CXX object CMakeFiles/turtlesim__rosidl_typesupport_fastrtps_c.dir/rosidl_typesupport_fastrtps_c/turtlesim/srv/detail/set_pen__type_support_c.cpp.o[0m
[105.785s] [ 80%] [32mBuilding CXX object CMakeFiles/turtlesim__rosidl_typesupport_fastrtps_c.dir/rosidl_typesupport_fastrtps_c/turtlesim/srv/detail/spawn__type_support_c.cpp.o[0m
[105.940s] [ 80%] Built target mimic
[105.961s] [ 81%] [32mBuilding CXX object CMakeFiles/turtlesim__rosidl_typesupport_fastrtps_c.dir/rosidl_typesupport_fastrtps_c/turtlesim/srv/detail/teleport_absolute__type_support_c.cpp.o[0m
[106.632s] [ 82%] [32mBuilding CXX object CMakeFiles/turtlesim__rosidl_typesupport_fastrtps_c.dir/rosidl_typesupport_fastrtps_c/turtlesim/srv/detail/teleport_relative__type_support_c.cpp.o[0m
[107.424s] [ 83%] [32m[1mLinking CXX shared library libturtlesim__rosidl_typesupport_fastrtps_c.so[0m
[107.680s] [ 83%] Built target turtlesim__rosidl_typesupport_fastrtps_c
[107.723s] [ 83%] Built target turtlesim
[107.766s] [ 84%] [34m[1mGenerating Python code for ROS interfaces[0m
[111.616s] [ 84%] Built target turtlesim__py
[111.663s] [ 85%] [32mBuilding C object CMakeFiles/turtlesim__rosidl_generator_py.dir/rosidl_generator_py/turtlesim/action/_rotate_absolute_s.c.o[0m
[111.666s] [ 86%] [32mBuilding C object CMakeFiles/turtlesim__rosidl_generator_py.dir/rosidl_generator_py/turtlesim/msg/_color_s.c.o[0m
[111.955s] [ 87%] [32mBuilding C object CMakeFiles/turtlesim__rosidl_generator_py.dir/rosidl_generator_py/turtlesim/msg/_pose_s.c.o[0m
[112.046s] [ 88%] [32mBuilding C object CMakeFiles/turtlesim__rosidl_generator_py.dir/rosidl_generator_py/turtlesim/srv/_kill_s.c.o[0m
[112.219s] [ 89%] [32mBuilding C object CMakeFiles/turtlesim__rosidl_generator_py.dir/rosidl_generator_py/turtlesim/srv/_set_pen_s.c.o[0m
[112.322s] [ 90%] [32mBuilding C object CMakeFiles/turtlesim__rosidl_generator_py.dir/rosidl_generator_py/turtlesim/srv/_spawn_s.c.o[0m
[112.495s] [ 91%] [32mBuilding C object CMakeFiles/turtlesim__rosidl_generator_py.dir/rosidl_generator_py/turtlesim/srv/_teleport_absolute_s.c.o[0m
[112.603s] [ 92%] [32mBuilding C object CMakeFiles/turtlesim__rosidl_generator_py.dir/rosidl_generator_py/turtlesim/srv/_teleport_relative_s.c.o[0m
[112.866s] [ 93%] [32m[1mLinking C shared library rosidl_generator_py/turtlesim/libturtlesim__rosidl_generator_py.so[0m
[112.968s] [ 93%] Built target turtlesim__rosidl_generator_py
[113.012s] [ 95%] [32mBuilding C object CMakeFiles/turtlesim__rosidl_typesupport_introspection_c__pyext.dir/rosidl_generator_py/turtlesim/_turtlesim_s.ep.rosidl_typesupport_introspection_c.c.o[0m
[113.013s] [ 95%] [32mBuilding C object CMakeFiles/turtlesim__rosidl_typesupport_fastrtps_c__pyext.dir/rosidl_generator_py/turtlesim/_turtlesim_s.ep.rosidl_typesupport_fastrtps_c.c.o[0m
[113.410s] [ 96%] [32m[1mLinking C shared library rosidl_generator_py/turtlesim/turtlesim_s__rosidl_typesupport_introspection_c.cpython-310-x86_64-linux-gnu.so[0m
[113.447s] [ 97%] [32m[1mLinking C shared library rosidl_generator_py/turtlesim/turtlesim_s__rosidl_typesupport_fastrtps_c.cpython-310-x86_64-linux-gnu.so[0m
[113.512s] [ 97%] Built target turtlesim__rosidl_typesupport_introspection_c__pyext
[113.553s] [ 97%] Built target turtlesim__rosidl_typesupport_fastrtps_c__pyext
[113.562s] [ 98%] [32mBuilding C object CMakeFiles/turtlesim__rosidl_typesupport_c__pyext.dir/rosidl_generator_py/turtlesim/_turtlesim_s.ep.rosidl_typesupport_c.c.o[0m
[113.929s] [100%] [32m[1mLinking C shared library rosidl_generator_py/turtlesim/turtlesim_s__rosidl_typesupport_c.cpython-310-x86_64-linux-gnu.so[0m
[114.022s] [100%] Built target turtlesim__rosidl_typesupport_c__pyext
[114.051s] Invoked command in '/home/niiro/ros2_ws/build/turtlesim' returned '0': CMAKE_PREFIX_PATH=/opt/ros/humble /usr/bin/cmake --build /home/niiro/ros2_ws/build/turtlesim -- -j2 -l2
[114.450s] Invoking command in '/home/niiro/ros2_ws/build/turtlesim': CMAKE_PREFIX_PATH=/opt/ros/humble /usr/bin/cmake --install /home/niiro/ros2_ws/build/turtlesim
[114.469s] -- Install configuration: ""
[114.470s] -- Installing: /home/niiro/ros2_ws/install/turtlesim/share/ament_index/resource_index/rosidl_interfaces/turtlesim
[114.471s] -- Installing: /home/niiro/ros2_ws/install/turtlesim/include/turtlesim/turtlesim
[114.471s] -- Installing: /home/niiro/ros2_ws/install/turtlesim/include/turtlesim/turtlesim/msg
[114.471s] -- Installing: /home/niiro/ros2_ws/install/turtlesim/include/turtlesim/turtlesim/msg/pose.h
[114.471s] -- Installing: /home/niiro/ros2_ws/install/turtlesim/include/turtlesim/turtlesim/msg/rosidl_generator_c__visibility_control.h
[114.472s] -- Installing: /home/niiro/ros2_ws/install/turtlesim/include/turtlesim/turtlesim/msg/detail
[114.472s] -- Installing: /home/niiro/ros2_ws/install/turtlesim/include/turtlesim/turtlesim/msg/detail/color__type_support.h
[114.472s] -- Installing: /home/niiro/ros2_ws/install/turtlesim/include/turtlesim/turtlesim/msg/detail/color__functions.h
[114.472s] -- Installing: /home/niiro/ros2_ws/install/turtlesim/include/turtlesim/turtlesim/msg/detail/pose__functions.h
[114.473s] -- Installing: /home/niiro/ros2_ws/install/turtlesim/include/turtlesim/turtlesim/msg/detail/pose__struct.h
[114.473s] -- Installing: /home/niiro/ros2_ws/install/turtlesim/include/turtlesim/turtlesim/msg/detail/pose__type_support.h
[114.473s] -- Installing: /home/niiro/ros2_ws/install/turtlesim/include/turtlesim/turtlesim/msg/detail/color__struct.h
[114.473s] -- Installing: /home/niiro/ros2_ws/install/turtlesim/include/turtlesim/turtlesim/msg/detail/pose__functions.c
[114.474s] -- Installing: /home/niiro/ros2_ws/install/turtlesim/include/turtlesim/turtlesim/msg/detail/color__functions.c
[114.474s] -- Installing: /home/niiro/ros2_ws/install/turtlesim/include/turtlesim/turtlesim/msg/color.h
[114.474s] -- Installing: /home/niiro/ros2_ws/install/turtlesim/include/turtlesim/turtlesim/srv
[114.475s] -- Installing: /home/niiro/ros2_ws/install/turtlesim/include/turtlesim/turtlesim/srv/kill.h
[114.475s] -- Installing: /home/niiro/ros2_ws/install/turtlesim/include/turtlesim/turtlesim/srv/teleport_absolute.h
[114.475s] -- Installing: /home/niiro/ros2_ws/install/turtlesim/include/turtlesim/turtlesim/srv/teleport_relative.h
[114.475s] -- Installing: /home/niiro/ros2_ws/install/turtlesim/include/turtlesim/turtlesim/srv/detail
[114.476s] -- Installing: /home/niiro/ros2_ws/install/turtlesim/include/turtlesim/turtlesim/srv/detail/kill__struct.h
[114.476s] -- Installing: /home/niiro/ros2_ws/install/turtlesim/include/turtlesim/turtlesim/srv/detail/teleport_relative__type_support.h
[114.476s] -- Installing: /home/niiro/ros2_ws/install/turtlesim/include/turtlesim/turtlesim/srv/detail/kill__functions.h
[114.476s] -- Installing: /home/niiro/ros2_ws/install/turtlesim/include/turtlesim/turtlesim/srv/detail/teleport_absolute__struct.h
[114.476s] -- Installing: /home/niiro/ros2_ws/install/turtlesim/include/turtlesim/turtlesim/srv/detail/teleport_relative__functions.c
[114.477s] -- Installing: /home/niiro/ros2_ws/install/turtlesim/include/turtlesim/turtlesim/srv/detail/teleport_absolute__functions.h
[114.477s] -- Installing: /home/niiro/ros2_ws/install/turtlesim/include/turtlesim/turtlesim/srv/detail/kill__type_support.h
[114.477s] -- Installing: /home/niiro/ros2_ws/install/turtlesim/include/turtlesim/turtlesim/srv/detail/set_pen__type_support.h
[114.478s] -- Installing: /home/niiro/ros2_ws/install/turtlesim/include/turtlesim/turtlesim/srv/detail/teleport_absolute__functions.c
[114.478s] -- Installing: /home/niiro/ros2_ws/install/turtlesim/include/turtlesim/turtlesim/srv/detail/set_pen__functions.c
[114.478s] -- Installing: /home/niiro/ros2_ws/install/turtlesim/include/turtlesim/turtlesim/srv/detail/kill__functions.c
[114.479s] -- Installing: /home/niiro/ros2_ws/install/turtlesim/include/turtlesim/turtlesim/srv/detail/set_pen__functions.h
[114.479s] -- Installing: /home/niiro/ros2_ws/install/turtlesim/include/turtlesim/turtlesim/srv/detail/teleport_relative__functions.h
[114.479s] -- Installing: /home/niiro/ros2_ws/install/turtlesim/include/turtlesim/turtlesim/srv/detail/spawn__struct.h
[114.480s] -- Installing: /home/niiro/ros2_ws/install/turtlesim/include/turtlesim/turtlesim/srv/detail/teleport_relative__struct.h
[114.480s] -- Installing: /home/niiro/ros2_ws/install/turtlesim/include/turtlesim/turtlesim/srv/detail/teleport_absolute__type_support.h
[114.480s] -- Installing: /home/niiro/ros2_ws/install/turtlesim/include/turtlesim/turtlesim/srv/detail/spawn__functions.h
[114.480s] -- Installing: /home/niiro/ros2_ws/install/turtlesim/include/turtlesim/turtlesim/srv/detail/set_pen__struct.h
[114.481s] -- Installing: /home/niiro/ros2_ws/install/turtlesim/include/turtlesim/turtlesim/srv/detail/spawn__functions.c
[114.481s] -- Installing: /home/niiro/ros2_ws/install/turtlesim/include/turtlesim/turtlesim/srv/detail/spawn__type_support.h
[114.481s] -- Installing: /home/niiro/ros2_ws/install/turtlesim/include/turtlesim/turtlesim/srv/spawn.h
[114.481s] -- Installing: /home/niiro/ros2_ws/install/turtlesim/include/turtlesim/turtlesim/srv/set_pen.h
[114.482s] -- Installing: /home/niiro/ros2_ws/install/turtlesim/include/turtlesim/turtlesim/action
[114.482s] -- Installing: /home/niiro/ros2_ws/install/turtlesim/include/turtlesim/turtlesim/action/rotate_absolute.h
[114.482s] -- Installing: /home/niiro/ros2_ws/install/turtlesim/include/turtlesim/turtlesim/action/detail
[114.482s] -- Installing: /home/niiro/ros2_ws/install/turtlesim/include/turtlesim/turtlesim/action/detail/rotate_absolute__functions.h
[114.483s] -- Installing: /home/niiro/ros2_ws/install/turtlesim/include/turtlesim/turtlesim/action/detail/rotate_absolute__type_support.h
[114.483s] -- Installing: /home/niiro/ros2_ws/install/turtlesim/include/turtlesim/turtlesim/action/detail/rotate_absolute__functions.c
[114.484s] -- Installing: /home/niiro/ros2_ws/install/turtlesim/include/turtlesim/turtlesim/action/detail/rotate_absolute__struct.h
[114.484s] -- Installing: /home/niiro/ros2_ws/install/turtlesim/share/turtlesim/environment/library_path.sh
[114.484s] -- Installing: /home/niiro/ros2_ws/install/turtlesim/share/turtlesim/environment/library_path.dsv
[114.485s] -- Installing: /home/niiro/ros2_ws/install/turtlesim/lib/libturtlesim__rosidl_generator_c.so
[114.486s] -- Set runtime path of "/home/niiro/ros2_ws/install/turtlesim/lib/libturtlesim__rosidl_generator_c.so" to ""
[114.487s] -- Up-to-date: /home/niiro/ros2_ws/install/turtlesim/include/turtlesim/turtlesim
[114.487s] -- Up-to-date: /home/niiro/ros2_ws/install/turtlesim/include/turtlesim/turtlesim/msg
[114.487s] -- Installing: /home/niiro/ros2_ws/install/turtlesim/include/turtlesim/turtlesim/msg/rosidl_typesupport_fastrtps_c__visibility_control.h
[114.487s] -- Up-to-date: /home/niiro/ros2_ws/install/turtlesim/include/turtlesim/turtlesim/msg/detail
[114.488s] -- Installing: /home/niiro/ros2_ws/install/turtlesim/include/turtlesim/turtlesim/msg/detail/pose__rosidl_typesupport_fastrtps_c.h
[114.488s] -- Installing: /home/niiro/ros2_ws/install/turtlesim/include/turtlesim/turtlesim/msg/detail/color__rosidl_typesupport_fastrtps_c.h
[114.488s] -- Up-to-date: /home/niiro/ros2_ws/install/turtlesim/include/turtlesim/turtlesim/srv
[114.488s] -- Up-to-date: /home/niiro/ros2_ws/install/turtlesim/include/turtlesim/turtlesim/srv/detail
[114.489s] -- Installing: /home/niiro/ros2_ws/install/turtlesim/include/turtlesim/turtlesim/srv/detail/teleport_absolute__rosidl_typesupport_fastrtps_c.h
[114.489s] -- Installing: /home/niiro/ros2_ws/install/turtlesim/include/turtlesim/turtlesim/srv/detail/teleport_relative__rosidl_typesupport_fastrtps_c.h
[114.489s] -- Installing: /home/niiro/ros2_ws/install/turtlesim/include/turtlesim/turtlesim/srv/detail/kill__rosidl_typesupport_fastrtps_c.h
[114.490s] -- Installing: /home/niiro/ros2_ws/install/turtlesim/include/turtlesim/turtlesim/srv/detail/set_pen__rosidl_typesupport_fastrtps_c.h
[114.490s] -- Installing: /home/niiro/ros2_ws/install/turtlesim/include/turtlesim/turtlesim/srv/detail/spawn__rosidl_typesupport_fastrtps_c.h
[114.490s] -- Up-to-date: /home/niiro/ros2_ws/install/turtlesim/include/turtlesim/turtlesim/action
[114.490s] -- Up-to-date: /home/niiro/ros2_ws/install/turtlesim/include/turtlesim/turtlesim/action/detail
[114.490s] -- Installing: /home/niiro/ros2_ws/install/turtlesim/include/turtlesim/turtlesim/action/detail/rotate_absolute__rosidl_typesupport_fastrtps_c.h
[114.490s] -- Installing: /home/niiro/ros2_ws/install/turtlesim/lib/libturtlesim__rosidl_typesupport_fastrtps_c.so
[114.492s] -- Set runtime path of "/home/niiro/ros2_ws/install/turtlesim/lib/libturtlesim__rosidl_typesupport_fastrtps_c.so" to ""
[114.492s] -- Up-to-date: /home/niiro/ros2_ws/install/turtlesim/include/turtlesim/turtlesim
[114.492s] -- Up-to-date: /home/niiro/ros2_ws/install/turtlesim/include/turtlesim/turtlesim/msg
[114.493s] -- Installing: /home/niiro/ros2_ws/install/turtlesim/include/turtlesim/turtlesim/msg/pose.hpp
[114.493s] -- Installing: /home/niiro/ros2_ws/install/turtlesim/include/turtlesim/turtlesim/msg/color.hpp
[114.493s] -- Up-to-date: /home/niiro/ros2_ws/install/turtlesim/include/turtlesim/turtlesim/msg/detail
[114.493s] -- Installing: /home/niiro/ros2_ws/install/turtlesim/include/turtlesim/turtlesim/msg/detail/color__traits.hpp
[114.494s] -- Installing: /home/niiro/ros2_ws/install/turtlesim/include/turtlesim/turtlesim/msg/detail/color__struct.hpp
[114.494s] -- Installing: /home/niiro/ros2_ws/install/turtlesim/include/turtlesim/turtlesim/msg/detail/color__builder.hpp
[114.494s] -- Installing: /home/niiro/ros2_ws/install/turtlesim/include/turtlesim/turtlesim/msg/detail/pose__traits.hpp
[114.494s] -- Installing: /home/niiro/ros2_ws/install/turtlesim/include/turtlesim/turtlesim/msg/detail/pose__struct.hpp
[114.495s] -- Installing: /home/niiro/ros2_ws/install/turtlesim/include/turtlesim/turtlesim/msg/detail/pose__builder.hpp
[114.495s] -- Up-to-date: /home/niiro/ros2_ws/install/turtlesim/include/turtlesim/turtlesim/srv
[114.495s] -- Installing: /home/niiro/ros2_ws/install/turtlesim/include/turtlesim/turtlesim/srv/teleport_absolute.hpp
[114.495s] -- Installing: /home/niiro/ros2_ws/install/turtlesim/include/turtlesim/turtlesim/srv/kill.hpp
[114.496s] -- Installing: /home/niiro/ros2_ws/install/turtlesim/include/turtlesim/turtlesim/srv/set_pen.hpp
[114.496s] -- Installing: /home/niiro/ros2_ws/install/turtlesim/include/turtlesim/turtlesim/srv/spawn.hpp
[114.496s] -- Up-to-date: /home/niiro/ros2_ws/install/turtlesim/include/turtlesim/turtlesim/srv/detail
[114.496s] -- Installing: /home/niiro/ros2_ws/install/turtlesim/include/turtlesim/turtlesim/srv/detail/kill__builder.hpp
[114.497s] -- Installing: /home/niiro/ros2_ws/install/turtlesim/include/turtlesim/turtlesim/srv/detail/teleport_relative__struct.hpp
[114.497s] -- Installing: /home/niiro/ros2_ws/install/turtlesim/include/turtlesim/turtlesim/srv/detail/set_pen__struct.hpp
[114.497s] -- Installing: /home/niiro/ros2_ws/install/turtlesim/include/turtlesim/turtlesim/srv/detail/kill__traits.hpp
[114.497s] -- Installing: /home/niiro/ros2_ws/install/turtlesim/include/turtlesim/turtlesim/srv/detail/teleport_relative__builder.hpp
[114.497s] -- Installing: /home/niiro/ros2_ws/install/turtlesim/include/turtlesim/turtlesim/srv/detail/spawn__traits.hpp
[114.498s] -- Installing: /home/niiro/ros2_ws/install/turtlesim/include/turtlesim/turtlesim/srv/detail/teleport_absolute__traits.hpp
[114.498s] -- Installing: /home/niiro/ros2_ws/install/turtlesim/include/turtlesim/turtlesim/srv/detail/spawn__builder.hpp
[114.498s] -- Installing: /home/niiro/ros2_ws/install/turtlesim/include/turtlesim/turtlesim/srv/detail/spawn__struct.hpp
[114.498s] -- Installing: /home/niiro/ros2_ws/install/turtlesim/include/turtlesim/turtlesim/srv/detail/set_pen__builder.hpp
[114.499s] -- Installing: /home/niiro/ros2_ws/install/turtlesim/include/turtlesim/turtlesim/srv/detail/teleport_absolute__struct.hpp
[114.499s] -- Installing: /home/niiro/ros2_ws/install/turtlesim/include/turtlesim/turtlesim/srv/detail/teleport_relative__traits.hpp
[114.499s] -- Installing: /home/niiro/ros2_ws/install/turtlesim/include/turtlesim/turtlesim/srv/detail/teleport_absolute__builder.hpp
[114.499s] -- Installing: /home/niiro/ros2_ws/install/turtlesim/include/turtlesim/turtlesim/srv/detail/kill__struct.hpp
[114.500s] -- Installing: /home/niiro/ros2_ws/install/turtlesim/include/turtlesim/turtlesim/srv/detail/set_pen__traits.hpp
[114.500s] -- Installing: /home/niiro/ros2_ws/install/turtlesim/include/turtlesim/turtlesim/srv/teleport_relative.hpp
[114.500s] -- Up-to-date: /home/niiro/ros2_ws/install/turtlesim/include/turtlesim/turtlesim/action
[114.500s] -- Installing: /home/niiro/ros2_ws/install/turtlesim/include/turtlesim/turtlesim/action/rotate_absolute.hpp
[114.501s] -- Up-to-date: /home/niiro/ros2_ws/install/turtlesim/include/turtlesim/turtlesim/action/detail
[114.501s] -- Installing: /home/niiro/ros2_ws/install/turtlesim/include/turtlesim/turtlesim/action/detail/rotate_absolute__builder.hpp
[114.501s] -- Installing: /home/niiro/ros2_ws/install/turtlesim/include/turtlesim/turtlesim/action/detail/rotate_absolute__struct.hpp
[114.501s] -- Installing: /home/niiro/ros2_ws/install/turtlesim/include/turtlesim/turtlesim/action/detail/rotate_absolute__traits.hpp
[114.502s] -- Up-to-date: /home/niiro/ros2_ws/install/turtlesim/include/turtlesim/turtlesim
[114.502s] -- Up-to-date: /home/niiro/ros2_ws/install/turtlesim/include/turtlesim/turtlesim/msg
[114.502s] -- Up-to-date: /home/niiro/ros2_ws/install/turtlesim/include/turtlesim/turtlesim/msg/detail
[114.502s] -- Installing: /home/niiro/ros2_ws/install/turtlesim/include/turtlesim/turtlesim/msg/detail/pose__rosidl_typesupport_fastrtps_cpp.hpp
[114.503s] -- Installing: /home/niiro/ros2_ws/install/turtlesim/include/turtlesim/turtlesim/msg/detail/dds_fastrtps
[114.503s] -- Installing: /home/niiro/ros2_ws/install/turtlesim/include/turtlesim/turtlesim/msg/detail/color__rosidl_typesupport_fastrtps_cpp.hpp
[114.503s] -- Installing: /home/niiro/ros2_ws/install/turtlesim/include/turtlesim/turtlesim/msg/rosidl_typesupport_fastrtps_cpp__visibility_control.h
[114.504s] -- Up-to-date: /home/niiro/ros2_ws/install/turtlesim/include/turtlesim/turtlesim/srv
[114.504s] -- Up-to-date: /home/niiro/ros2_ws/install/turtlesim/include/turtlesim/turtlesim/srv/detail
[114.504s] -- Installing: /home/niiro/ros2_ws/install/turtlesim/include/turtlesim/turtlesim/srv/detail/kill__rosidl_typesupport_fastrtps_cpp.hpp
[114.504s] -- Installing: /home/niiro/ros2_ws/install/turtlesim/include/turtlesim/turtlesim/srv/detail/dds_fastrtps
[114.504s] -- Installing: /home/niiro/ros2_ws/install/turtlesim/include/turtlesim/turtlesim/srv/detail/set_pen__rosidl_typesupport_fastrtps_cpp.hpp
[114.505s] -- Installing: /home/niiro/ros2_ws/install/turtlesim/include/turtlesim/turtlesim/srv/detail/teleport_relative__rosidl_typesupport_fastrtps_cpp.hpp
[114.505s] -- Installing: /home/niiro/ros2_ws/install/turtlesim/include/turtlesim/turtlesim/srv/detail/spawn__rosidl_typesupport_fastrtps_cpp.hpp
[114.505s] -- Installing: /home/niiro/ros2_ws/install/turtlesim/include/turtlesim/turtlesim/srv/detail/teleport_absolute__rosidl_typesupport_fastrtps_cpp.hpp
[114.506s] -- Up-to-date: /home/niiro/ros2_ws/install/turtlesim/include/turtlesim/turtlesim/action
[114.506s] -- Up-to-date: /home/niiro/ros2_ws/install/turtlesim/include/turtlesim/turtlesim/action/detail
[114.506s] -- Installing: /home/niiro/ros2_ws/install/turtlesim/include/turtlesim/turtlesim/action/detail/dds_fastrtps
[114.506s] -- Installing: /home/niiro/ros2_ws/install/turtlesim/include/turtlesim/turtlesim/action/detail/rotate_absolute__rosidl_typesupport_fastrtps_cpp.hpp
[114.506s] -- Installing: /home/niiro/ros2_ws/install/turtlesim/lib/libturtlesim__rosidl_typesupport_fastrtps_cpp.so
[114.507s] -- Set runtime path of "/home/niiro/ros2_ws/install/turtlesim/lib/libturtlesim__rosidl_typesupport_fastrtps_cpp.so" to ""
[114.508s] -- Up-to-date: /home/niiro/ros2_ws/install/turtlesim/include/turtlesim/turtlesim
[114.508s] -- Up-to-date: /home/niiro/ros2_ws/install/turtlesim/include/turtlesim/turtlesim/msg
[114.508s] -- Installing: /home/niiro/ros2_ws/install/turtlesim/include/turtlesim/turtlesim/msg/rosidl_typesupport_introspection_c__visibility_control.h
[114.508s] -- Up-to-date: /home/niiro/ros2_ws/install/turtlesim/include/turtlesim/turtlesim/msg/detail
[114.509s] -- Installing: /home/niiro/ros2_ws/install/turtlesim/include/turtlesim/turtlesim/msg/detail/pose__rosidl_typesupport_introspection_c.h
[114.509s] -- Installing: /home/niiro/ros2_ws/install/turtlesim/include/turtlesim/turtlesim/msg/detail/pose__type_support.c
[114.509s] -- Installing: /home/niiro/ros2_ws/install/turtlesim/include/turtlesim/turtlesim/msg/detail/color__rosidl_typesupport_introspection_c.h
[114.509s] -- Installing: /home/niiro/ros2_ws/install/turtlesim/include/turtlesim/turtlesim/msg/detail/color__type_support.c
[114.510s] -- Up-to-date: /home/niiro/ros2_ws/install/turtlesim/include/turtlesim/turtlesim/srv
[114.510s] -- Up-to-date: /home/niiro/ros2_ws/install/turtlesim/include/turtlesim/turtlesim/srv/detail
[114.510s] -- Installing: /home/niiro/ros2_ws/install/turtlesim/include/turtlesim/turtlesim/srv/detail/teleport_absolute__type_support.c
[114.510s] -- Installing: /home/niiro/ros2_ws/install/turtlesim/include/turtlesim/turtlesim/srv/detail/teleport_absolute__rosidl_typesupport_introspection_c.h
[114.511s] -- Installing: /home/niiro/ros2_ws/install/turtlesim/include/turtlesim/turtlesim/srv/detail/set_pen__type_support.c
[114.511s] -- Installing: /home/niiro/ros2_ws/install/turtlesim/include/turtlesim/turtlesim/srv/detail/spawn__rosidl_typesupport_introspection_c.h
[114.511s] -- Installing: /home/niiro/ros2_ws/install/turtlesim/include/turtlesim/turtlesim/srv/detail/teleport_relative__rosidl_typesupport_introspection_c.h
[114.511s] -- Installing: /home/niiro/ros2_ws/install/turtlesim/include/turtlesim/turtlesim/srv/detail/kill__type_support.c
[114.512s] -- Installing: /home/niiro/ros2_ws/install/turtlesim/include/turtlesim/turtlesim/srv/detail/teleport_relative__type_support.c
[114.512s] -- Installing: /home/niiro/ros2_ws/install/turtlesim/include/turtlesim/turtlesim/srv/detail/spawn__type_support.c
[114.512s] -- Installing: /home/niiro/ros2_ws/install/turtlesim/include/turtlesim/turtlesim/srv/detail/kill__rosidl_typesupport_introspection_c.h
[114.512s] -- Installing: /home/niiro/ros2_ws/install/turtlesim/include/turtlesim/turtlesim/srv/detail/set_pen__rosidl_typesupport_introspection_c.h
[114.513s] -- Up-to-date: /home/niiro/ros2_ws/install/turtlesim/include/turtlesim/turtlesim/action
[114.513s] -- Up-to-date: /home/niiro/ros2_ws/install/turtlesim/include/turtlesim/turtlesim/action/detail
[114.513s] -- Installing: /home/niiro/ros2_ws/install/turtlesim/include/turtlesim/turtlesim/action/detail/rotate_absolute__rosidl_typesupport_introspection_c.h
[114.513s] -- Installing: /home/niiro/ros2_ws/install/turtlesim/include/turtlesim/turtlesim/action/detail/rotate_absolute__type_support.c
[114.514s] -- Installing: /home/niiro/ros2_ws/install/turtlesim/lib/libturtlesim__rosidl_typesupport_introspection_c.so
[114.515s] -- Set runtime path of "/home/niiro/ros2_ws/install/turtlesim/lib/libturtlesim__rosidl_typesupport_introspection_c.so" to ""
[114.515s] -- Installing: /home/niiro/ros2_ws/install/turtlesim/lib/libturtlesim__rosidl_typesupport_c.so
[114.516s] -- Set runtime path of "/home/niiro/ros2_ws/install/turtlesim/lib/libturtlesim__rosidl_typesupport_c.so" to ""
[114.517s] -- Up-to-date: /home/niiro/ros2_ws/install/turtlesim/include/turtlesim/turtlesim
[114.517s] -- Up-to-date: /home/niiro/ros2_ws/install/turtlesim/include/turtlesim/turtlesim/msg
[114.517s] -- Up-to-date: /home/niiro/ros2_ws/install/turtlesim/include/turtlesim/turtlesim/msg/detail
[114.517s] -- Installing: /home/niiro/ros2_ws/install/turtlesim/include/turtlesim/turtlesim/msg/detail/pose__type_support.cpp
[114.518s] -- Installing: /home/niiro/ros2_ws/install/turtlesim/include/turtlesim/turtlesim/msg/detail/pose__rosidl_typesupport_introspection_cpp.hpp
[114.518s] -- Installing: /home/niiro/ros2_ws/install/turtlesim/include/turtlesim/turtlesim/msg/detail/color__rosidl_typesupport_introspection_cpp.hpp
[114.518s] -- Installing: /home/niiro/ros2_ws/install/turtlesim/include/turtlesim/turtlesim/msg/detail/color__type_support.cpp
[114.518s] -- Up-to-date: /home/niiro/ros2_ws/install/turtlesim/include/turtlesim/turtlesim/srv
[114.518s] -- Up-to-date: /home/niiro/ros2_ws/install/turtlesim/include/turtlesim/turtlesim/srv/detail
[114.519s] -- Installing: /home/niiro/ros2_ws/install/turtlesim/include/turtlesim/turtlesim/srv/detail/kill__type_support.cpp
[114.519s] -- Installing: /home/niiro/ros2_ws/install/turtlesim/include/turtlesim/turtlesim/srv/detail/set_pen__type_support.cpp
[114.519s] -- Installing: /home/niiro/ros2_ws/install/turtlesim/include/turtlesim/turtlesim/srv/detail/teleport_absolute__rosidl_typesupport_introspection_cpp.hpp
[114.519s] -- Installing: /home/niiro/ros2_ws/install/turtlesim/include/turtlesim/turtlesim/srv/detail/teleport_relative__rosidl_typesupport_introspection_cpp.hpp
[114.520s] -- Installing: /home/niiro/ros2_ws/install/turtlesim/include/turtlesim/turtlesim/srv/detail/set_pen__rosidl_typesupport_introspection_cpp.hpp
[114.520s] -- Installing: /home/niiro/ros2_ws/install/turtlesim/include/turtlesim/turtlesim/srv/detail/teleport_absolute__type_support.cpp
[114.520s] -- Installing: /home/niiro/ros2_ws/install/turtlesim/include/turtlesim/turtlesim/srv/detail/spawn__rosidl_typesupport_introspection_cpp.hpp
[114.520s] -- Installing: /home/niiro/ros2_ws/install/turtlesim/include/turtlesim/turtlesim/srv/detail/kill__rosidl_typesupport_introspection_cpp.hpp
[114.521s] -- Installing: /home/niiro/ros2_ws/install/turtlesim/include/turtlesim/turtlesim/srv/detail/teleport_relative__type_support.cpp
[114.521s] -- Installing: /home/niiro/ros2_ws/install/turtlesim/include/turtlesim/turtlesim/srv/detail/spawn__type_support.cpp
[114.521s] -- Up-to-date: /home/niiro/ros2_ws/install/turtlesim/include/turtlesim/turtlesim/action
[114.521s] -- Up-to-date: /home/niiro/ros2_ws/install/turtlesim/include/turtlesim/turtlesim/action/detail
[114.521s] -- Installing: /home/niiro/ros2_ws/install/turtlesim/include/turtlesim/turtlesim/action/detail/rotate_absolute__type_support.cpp
[114.522s] -- Installing: /home/niiro/ros2_ws/install/turtlesim/include/turtlesim/turtlesim/action/detail/rotate_absolute__rosidl_typesupport_introspection_cpp.hpp
[114.522s] -- Installing: /home/niiro/ros2_ws/install/turtlesim/lib/libturtlesim__rosidl_typesupport_introspection_cpp.so
[114.524s] -- Set runtime path of "/home/niiro/ros2_ws/install/turtlesim/lib/libturtlesim__rosidl_typesupport_introspection_cpp.so" to ""
[114.524s] -- Installing: /home/niiro/ros2_ws/install/turtlesim/lib/libturtlesim__rosidl_typesupport_cpp.so
[114.525s] -- Set runtime path of "/home/niiro/ros2_ws/install/turtlesim/lib/libturtlesim__rosidl_typesupport_cpp.so" to ""
[114.525s] -- Installing: /home/niiro/ros2_ws/install/turtlesim/share/turtlesim/environment/pythonpath.sh
[114.525s] -- Installing: /home/niiro/ros2_ws/install/turtlesim/share/turtlesim/environment/pythonpath.dsv
[114.526s] -- Installing: /home/niiro/ros2_ws/install/turtlesim/local/lib/python3.10/dist-packages/turtlesim-1.4.2-py3.10.egg-info
[114.526s] -- Installing: /home/niiro/ros2_ws/install/turtlesim/local/lib/python3.10/dist-packages/turtlesim-1.4.2-py3.10.egg-info/top_level.txt
[114.526s] -- Installing: /home/niiro/ros2_ws/install/turtlesim/local/lib/python3.10/dist-packages/turtlesim-1.4.2-py3.10.egg-info/SOURCES.txt
[114.527s] -- Installing: /home/niiro/ros2_ws/install/turtlesim/local/lib/python3.10/dist-packages/turtlesim-1.4.2-py3.10.egg-info/PKG-INFO
[114.527s] -- Installing: /home/niiro/ros2_ws/install/turtlesim/local/lib/python3.10/dist-packages/turtlesim-1.4.2-py3.10.egg-info/dependency_links.txt
[114.527s] -- Installing: /home/niiro/ros2_ws/install/turtlesim/local/lib/python3.10/dist-packages/turtlesim
[114.527s] -- Installing: /home/niiro/ros2_ws/install/turtlesim/local/lib/python3.10/dist-packages/turtlesim/_turtlesim_s.ep.rosidl_typesupport_fastrtps_c.c
[114.528s] -- Installing: /home/niiro/ros2_ws/install/turtlesim/local/lib/python3.10/dist-packages/turtlesim/turtlesim_s__rosidl_typesupport_introspection_c.cpython-310-x86_64-linux-gnu.so
[114.529s] -- Installing: /home/niiro/ros2_ws/install/turtlesim/local/lib/python3.10/dist-packages/turtlesim/__init__.py
[114.529s] -- Installing: /home/niiro/ros2_ws/install/turtlesim/local/lib/python3.10/dist-packages/turtlesim/msg
[114.529s] -- Installing: /home/niiro/ros2_ws/install/turtlesim/local/lib/python3.10/dist-packages/turtlesim/msg/__init__.py
[114.529s] -- Installing: /home/niiro/ros2_ws/install/turtlesim/local/lib/python3.10/dist-packages/turtlesim/msg/_pose_s.c
[114.530s] -- Installing: /home/niiro/ros2_ws/install/turtlesim/local/lib/python3.10/dist-packages/turtlesim/msg/_color.py
[114.530s] -- Installing: /home/niiro/ros2_ws/install/turtlesim/local/lib/python3.10/dist-packages/turtlesim/msg/_color_s.c
[114.530s] -- Installing: /home/niiro/ros2_ws/install/turtlesim/local/lib/python3.10/dist-packages/turtlesim/msg/_pose.py
[114.531s] -- Installing: /home/niiro/ros2_ws/install/turtlesim/local/lib/python3.10/dist-packages/turtlesim/_turtlesim_s.ep.rosidl_typesupport_introspection_c.c
[114.531s] -- Installing: /home/niiro/ros2_ws/install/turtlesim/local/lib/python3.10/dist-packages/turtlesim/turtlesim_s__rosidl_typesupport_fastrtps_c.cpython-310-x86_64-linux-gnu.so
[114.532s] -- Installing: /home/niiro/ros2_ws/install/turtlesim/local/lib/python3.10/dist-packages/turtlesim/srv
[114.532s] -- Installing: /home/niiro/ros2_ws/install/turtlesim/local/lib/python3.10/dist-packages/turtlesim/srv/_set_pen_s.c
[114.532s] -- Installing: /home/niiro/ros2_ws/install/turtlesim/local/lib/python3.10/dist-packages/turtlesim/srv/__init__.py
[114.533s] -- Installing: /home/niiro/ros2_ws/install/turtlesim/local/lib/python3.10/dist-packages/turtlesim/srv/_kill.py
[114.533s] -- Installing: /home/niiro/ros2_ws/install/turtlesim/local/lib/python3.10/dist-packages/turtlesim/srv/_spawn.py
[114.533s] -- Installing: /home/niiro/ros2_ws/install/turtlesim/local/lib/python3.10/dist-packages/turtlesim/srv/_teleport_relative_s.c
[114.533s] -- Installing: /home/niiro/ros2_ws/install/turtlesim/local/lib/python3.10/dist-packages/turtlesim/srv/_teleport_absolute.py
[114.534s] -- Installing: /home/niiro/ros2_ws/install/turtlesim/local/lib/python3.10/dist-packages/turtlesim/srv/_set_pen.py
[114.534s] -- Installing: /home/niiro/ros2_ws/install/turtlesim/local/lib/python3.10/dist-packages/turtlesim/srv/_kill_s.c
[114.534s] -- Installing: /home/niiro/ros2_ws/install/turtlesim/local/lib/python3.10/dist-packages/turtlesim/srv/_teleport_absolute_s.c
[114.535s] -- Installing: /home/niiro/ros2_ws/install/turtlesim/local/lib/python3.10/dist-packages/turtlesim/srv/_spawn_s.c
[114.535s] -- Installing: /home/niiro/ros2_ws/install/turtlesim/local/lib/python3.10/dist-packages/turtlesim/srv/_teleport_relative.py
[114.535s] -- Installing: /home/niiro/ros2_ws/install/turtlesim/local/lib/python3.10/dist-packages/turtlesim/action
[114.535s] -- Installing: /home/niiro/ros2_ws/install/turtlesim/local/lib/python3.10/dist-packages/turtlesim/action/__init__.py
[114.536s] -- Installing: /home/niiro/ros2_ws/install/turtlesim/local/lib/python3.10/dist-packages/turtlesim/action/_rotate_absolute.py
[114.536s] -- Installing: /home/niiro/ros2_ws/install/turtlesim/local/lib/python3.10/dist-packages/turtlesim/action/_rotate_absolute_s.c
[114.536s] -- Installing: /home/niiro/ros2_ws/install/turtlesim/local/lib/python3.10/dist-packages/turtlesim/libturtlesim__rosidl_generator_py.so
[114.537s] -- Installing: /home/niiro/ros2_ws/install/turtlesim/local/lib/python3.10/dist-packages/turtlesim/_turtlesim_s.ep.rosidl_typesupport_c.c
[114.538s] -- Installing: /home/niiro/ros2_ws/install/turtlesim/local/lib/python3.10/dist-packages/turtlesim/turtlesim_s__rosidl_typesupport_c.cpython-310-x86_64-linux-gnu.so
[114.643s] Listing '/home/niiro/ros2_ws/install/turtlesim/local/lib/python3.10/dist-packages/turtlesim'...
[114.643s] Compiling '/home/niiro/ros2_ws/install/turtlesim/local/lib/python3.10/dist-packages/turtlesim/__init__.py'...
[114.643s] Listing '/home/niiro/ros2_ws/install/turtlesim/local/lib/python3.10/dist-packages/turtlesim/action'...
[114.643s] Compiling '/home/niiro/ros2_ws/install/turtlesim/local/lib/python3.10/dist-packages/turtlesim/action/__init__.py'...
[114.644s] Compiling '/home/niiro/ros2_ws/install/turtlesim/local/lib/python3.10/dist-packages/turtlesim/action/_rotate_absolute.py'...
[114.644s] Listing '/home/niiro/ros2_ws/install/turtlesim/local/lib/python3.10/dist-packages/turtlesim/msg'...
[114.644s] Compiling '/home/niiro/ros2_ws/install/turtlesim/local/lib/python3.10/dist-packages/turtlesim/msg/__init__.py'...
[114.644s] Compiling '/home/niiro/ros2_ws/install/turtlesim/local/lib/python3.10/dist-packages/turtlesim/msg/_color.py'...
[114.644s] Compiling '/home/niiro/ros2_ws/install/turtlesim/local/lib/python3.10/dist-packages/turtlesim/msg/_pose.py'...
[114.644s] Listing '/home/niiro/ros2_ws/install/turtlesim/local/lib/python3.10/dist-packages/turtlesim/srv'...
[114.645s] Compiling '/home/niiro/ros2_ws/install/turtlesim/local/lib/python3.10/dist-packages/turtlesim/srv/__init__.py'...
[114.645s] Compiling '/home/niiro/ros2_ws/install/turtlesim/local/lib/python3.10/dist-packages/turtlesim/srv/_kill.py'...
[114.645s] Compiling '/home/niiro/ros2_ws/install/turtlesim/local/lib/python3.10/dist-packages/turtlesim/srv/_set_pen.py'...
[114.645s] Compiling '/home/niiro/ros2_ws/install/turtlesim/local/lib/python3.10/dist-packages/turtlesim/srv/_spawn.py'...
[114.645s] Compiling '/home/niiro/ros2_ws/install/turtlesim/local/lib/python3.10/dist-packages/turtlesim/srv/_teleport_absolute.py'...
[114.645s] Compiling '/home/niiro/ros2_ws/install/turtlesim/local/lib/python3.10/dist-packages/turtlesim/srv/_teleport_relative.py'...
[114.650s] -- Installing: /home/niiro/ros2_ws/install/turtlesim/local/lib/python3.10/dist-packages/turtlesim/turtlesim_s__rosidl_typesupport_fastrtps_c.cpython-310-x86_64-linux-gnu.so
[114.652s] -- Set runtime path of "/home/niiro/ros2_ws/install/turtlesim/local/lib/python3.10/dist-packages/turtlesim/turtlesim_s__rosidl_typesupport_fastrtps_c.cpython-310-x86_64-linux-gnu.so" to ""
[114.652s] -- Installing: /home/niiro/ros2_ws/install/turtlesim/local/lib/python3.10/dist-packages/turtlesim/turtlesim_s__rosidl_typesupport_introspection_c.cpython-310-x86_64-linux-gnu.so
[114.654s] -- Set runtime path of "/home/niiro/ros2_ws/install/turtlesim/local/lib/python3.10/dist-packages/turtlesim/turtlesim_s__rosidl_typesupport_introspection_c.cpython-310-x86_64-linux-gnu.so" to ""
[114.654s] -- Installing: /home/niiro/ros2_ws/install/turtlesim/local/lib/python3.10/dist-packages/turtlesim/turtlesim_s__rosidl_typesupport_c.cpython-310-x86_64-linux-gnu.so
[114.656s] -- Set runtime path of "/home/niiro/ros2_ws/install/turtlesim/local/lib/python3.10/dist-packages/turtlesim/turtlesim_s__rosidl_typesupport_c.cpython-310-x86_64-linux-gnu.so" to ""
[114.656s] -- Installing: /home/niiro/ros2_ws/install/turtlesim/lib/libturtlesim__rosidl_generator_py.so
[114.657s] -- Set runtime path of "/home/niiro/ros2_ws/install/turtlesim/lib/libturtlesim__rosidl_generator_py.so" to ""
[114.657s] -- Installing: /home/niiro/ros2_ws/install/turtlesim/share/turtlesim/action/RotateAbsolute.idl
[114.658s] -- Installing: /home/niiro/ros2_ws/install/turtlesim/share/turtlesim/msg/Color.idl
[114.658s] -- Installing: /home/niiro/ros2_ws/install/turtlesim/share/turtlesim/msg/Pose.idl
[114.658s] -- Installing: /home/niiro/ros2_ws/install/turtlesim/share/turtlesim/srv/Kill.idl
[114.659s] -- Installing: /home/niiro/ros2_ws/install/turtlesim/share/turtlesim/srv/SetPen.idl
[114.659s] -- Installing: /home/niiro/ros2_ws/install/turtlesim/share/turtlesim/srv/Spawn.idl
[114.660s] -- Installing: /home/niiro/ros2_ws/install/turtlesim/share/turtlesim/srv/TeleportAbsolute.idl
[114.660s] -- Installing: /home/niiro/ros2_ws/install/turtlesim/share/turtlesim/srv/TeleportRelative.idl
[114.660s] -- Installing: /home/niiro/ros2_ws/install/turtlesim/share/turtlesim/action/RotateAbsolute.action
[114.660s] -- Installing: /home/niiro/ros2_ws/install/turtlesim/share/turtlesim/msg/Color.msg
[114.661s] -- Installing: /home/niiro/ros2_ws/install/turtlesim/share/turtlesim/msg/Pose.msg
[114.661s] -- Installing: /home/niiro/ros2_ws/install/turtlesim/share/turtlesim/srv/Kill.srv
[114.661s] -- Installing: /home/niiro/ros2_ws/install/turtlesim/share/turtlesim/srv/Kill_Request.msg
[114.662s] -- Installing: /home/niiro/ros2_ws/install/turtlesim/share/turtlesim/srv/Kill_Response.msg
[114.662s] -- Installing: /home/niiro/ros2_ws/install/turtlesim/share/turtlesim/srv/SetPen.srv
[114.662s] -- Installing: /home/niiro/ros2_ws/install/turtlesim/share/turtlesim/srv/SetPen_Request.msg
[114.663s] -- Installing: /home/niiro/ros2_ws/install/turtlesim/share/turtlesim/srv/SetPen_Response.msg
[114.663s] -- Installing: /home/niiro/ros2_ws/install/turtlesim/share/turtlesim/srv/Spawn.srv
[114.663s] -- Installing: /home/niiro/ros2_ws/install/turtlesim/share/turtlesim/srv/Spawn_Request.msg
[114.664s] -- Installing: /home/niiro/ros2_ws/install/turtlesim/share/turtlesim/srv/Spawn_Response.msg
[114.664s] -- Installing: /home/niiro/ros2_ws/install/turtlesim/share/turtlesim/srv/TeleportAbsolute.srv
[114.664s] -- Installing: /home/niiro/ros2_ws/install/turtlesim/share/turtlesim/srv/TeleportAbsolute_Request.msg
[114.664s] -- Installing: /home/niiro/ros2_ws/install/turtlesim/share/turtlesim/srv/TeleportAbsolute_Response.msg
[114.665s] -- Installing: /home/niiro/ros2_ws/install/turtlesim/share/turtlesim/srv/TeleportRelative.srv
[114.665s] -- Installing: /home/niiro/ros2_ws/install/turtlesim/share/turtlesim/srv/TeleportRelative_Request.msg
[114.666s] -- Installing: /home/niiro/ros2_ws/install/turtlesim/share/turtlesim/srv/TeleportRelative_Response.msg
[114.666s] -- Installing: /home/niiro/ros2_ws/install/turtlesim/lib/turtlesim/turtlesim_node
[114.694s] -- Set runtime path of "/home/niiro/ros2_ws/install/turtlesim/lib/turtlesim/turtlesim_node" to ""
[114.694s] -- Installing: /home/niiro/ros2_ws/install/turtlesim/lib/turtlesim/turtle_teleop_key
[114.700s] -- Set runtime path of "/home/niiro/ros2_ws/install/turtlesim/lib/turtlesim/turtle_teleop_key" to ""
[114.700s] -- Installing: /home/niiro/ros2_ws/install/turtlesim/lib/turtlesim/draw_square
[114.714s] -- Set runtime path of "/home/niiro/ros2_ws/install/turtlesim/lib/turtlesim/draw_square" to ""
[114.714s] -- Installing: /home/niiro/ros2_ws/install/turtlesim/lib/turtlesim/mimic
[114.725s] -- Set runtime path of "/home/niiro/ros2_ws/install/turtlesim/lib/turtlesim/mimic" to ""
[114.726s] -- Installing: /home/niiro/ros2_ws/install/turtlesim/share/turtlesim/images
[114.726s] -- Installing: /home/niiro/ros2_ws/install/turtlesim/share/turtlesim/images/foxy.png
[114.726s] -- Installing: /home/niiro/ros2_ws/install/turtlesim/share/turtlesim/images/bouncy.png
[114.726s] -- Installing: /home/niiro/ros2_ws/install/turtlesim/share/turtlesim/images/ardent.png
[114.727s] -- Installing: /home/niiro/ros2_ws/install/turtlesim/share/turtlesim/images/eloquent.png
[114.727s] -- Installing: /home/niiro/ros2_ws/install/turtlesim/share/turtlesim/images/humble.png
[114.727s] -- Installing: /home/niiro/ros2_ws/install/turtlesim/share/turtlesim/images/dashing.png
[114.727s] -- Installing: /home/niiro/ros2_ws/install/turtlesim/share/turtlesim/images/galactic.png
[114.728s] -- Installing: /home/niiro/ros2_ws/install/turtlesim/share/turtlesim/images/crystal.png
[114.728s] -- Installing: /home/niiro/ros2_ws/install/turtlesim/share/turtlesim/images/rolling.png
[114.728s] -- Installing: /home/niiro/ros2_ws/install/turtlesim/share/turtlesim/launch
[114.728s] -- Installing: /home/niiro/ros2_ws/install/turtlesim/share/turtlesim/launch/multisim.launch.py
[114.729s] -- Installing: /home/niiro/ros2_ws/install/turtlesim/share/ament_index/resource_index/package_run_dependencies/turtlesim
[114.729s] -- Installing: /home/niiro/ros2_ws/install/turtlesim/share/ament_index/resource_index/parent_prefix_path/turtlesim
[114.729s] -- Installing: /home/niiro/ros2_ws/install/turtlesim/share/turtlesim/environment/ament_prefix_path.sh
[114.730s] -- Installing: /home/niiro/ros2_ws/install/turtlesim/share/turtlesim/environment/ament_prefix_path.dsv
[114.730s] -- Installing: /home/niiro/ros2_ws/install/turtlesim/share/turtlesim/environment/path.sh
[114.730s] -- Installing: /home/niiro/ros2_ws/install/turtlesim/share/turtlesim/environment/path.dsv
[114.731s] -- Installing: /home/niiro/ros2_ws/install/turtlesim/share/turtlesim/local_setup.bash
[114.731s] -- Installing: /home/niiro/ros2_ws/install/turtlesim/share/turtlesim/local_setup.sh
[114.731s] -- Installing: /home/niiro/ros2_ws/install/turtlesim/share/turtlesim/local_setup.zsh
[114.732s] -- Installing: /home/niiro/ros2_ws/install/turtlesim/share/turtlesim/local_setup.dsv
[114.732s] -- Installing: /home/niiro/ros2_ws/install/turtlesim/share/turtlesim/package.dsv
[114.732s] -- Installing: /home/niiro/ros2_ws/install/turtlesim/share/ament_index/resource_index/packages/turtlesim
[114.733s] -- Installing: /home/niiro/ros2_ws/install/turtlesim/share/turtlesim/cmake/export_turtlesim__rosidl_generator_cExport.cmake
[114.733s] -- Installing: /home/niiro/ros2_ws/install/turtlesim/share/turtlesim/cmake/export_turtlesim__rosidl_generator_cExport-noconfig.cmake
[114.733s] -- Installing: /home/niiro/ros2_ws/install/turtlesim/share/turtlesim/cmake/export_turtlesim__rosidl_typesupport_fastrtps_cExport.cmake
[114.734s] -- Installing: /home/niiro/ros2_ws/install/turtlesim/share/turtlesim/cmake/export_turtlesim__rosidl_typesupport_fastrtps_cExport-noconfig.cmake
[114.734s] -- Installing: /home/niiro/ros2_ws/install/turtlesim/share/turtlesim/cmake/export_turtlesim__rosidl_generator_cppExport.cmake
[114.735s] -- Installing: /home/niiro/ros2_ws/install/turtlesim/share/turtlesim/cmake/export_turtlesim__rosidl_typesupport_fastrtps_cppExport.cmake
[114.735s] -- Installing: /home/niiro/ros2_ws/install/turtlesim/share/turtlesim/cmake/export_turtlesim__rosidl_typesupport_fastrtps_cppExport-noconfig.cmake
[114.735s] -- Installing: /home/niiro/ros2_ws/install/turtlesim/share/turtlesim/cmake/turtlesim__rosidl_typesupport_introspection_cExport.cmake
[114.736s] -- Installing: /home/niiro/ros2_ws/install/turtlesim/share/turtlesim/cmake/turtlesim__rosidl_typesupport_introspection_cExport-noconfig.cmake
[114.736s] -- Installing: /home/niiro/ros2_ws/install/turtlesim/share/turtlesim/cmake/turtlesim__rosidl_typesupport_cExport.cmake
[114.736s] -- Installing: /home/niiro/ros2_ws/install/turtlesim/share/turtlesim/cmake/turtlesim__rosidl_typesupport_cExport-noconfig.cmake
[114.737s] -- Installing: /home/niiro/ros2_ws/install/turtlesim/share/turtlesim/cmake/turtlesim__rosidl_typesupport_introspection_cppExport.cmake
[114.737s] -- Installing: /home/niiro/ros2_ws/install/turtlesim/share/turtlesim/cmake/turtlesim__rosidl_typesupport_introspection_cppExport-noconfig.cmake
[114.737s] -- Installing: /home/niiro/ros2_ws/install/turtlesim/share/turtlesim/cmake/turtlesim__rosidl_typesupport_cppExport.cmake
[114.738s] -- Installing: /home/niiro/ros2_ws/install/turtlesim/share/turtlesim/cmake/turtlesim__rosidl_typesupport_cppExport-noconfig.cmake
[114.738s] -- Installing: /home/niiro/ros2_ws/install/turtlesim/share/turtlesim/cmake/export_turtlesim__rosidl_generator_pyExport.cmake
[114.738s] -- Installing: /home/niiro/ros2_ws/install/turtlesim/share/turtlesim/cmake/export_turtlesim__rosidl_generator_pyExport-noconfig.cmake
[114.739s] -- Installing: /home/niiro/ros2_ws/install/turtlesim/share/turtlesim/cmake/rosidl_cmake-extras.cmake
[114.743s] -- Installing: /home/niiro/ros2_ws/install/turtlesim/share/turtlesim/cmake/ament_cmake_export_dependencies-extras.cmake
[114.743s] -- Installing: /home/niiro/ros2_ws/install/turtlesim/share/turtlesim/cmake/ament_cmake_export_include_directories-extras.cmake
[114.743s] -- Installing: /home/niiro/ros2_ws/install/turtlesim/share/turtlesim/cmake/ament_cmake_export_libraries-extras.cmake
[114.743s] -- Installing: /home/niiro/ros2_ws/install/turtlesim/share/turtlesim/cmake/ament_cmake_export_targets-extras.cmake
[114.744s] -- Installing: /home/niiro/ros2_ws/install/turtlesim/share/turtlesim/cmake/rosidl_cmake_export_typesupport_targets-extras.cmake
[114.744s] -- Installing: /home/niiro/ros2_ws/install/turtlesim/share/turtlesim/cmake/rosidl_cmake_export_typesupport_libraries-extras.cmake
[114.744s] -- Installing: /home/niiro/ros2_ws/install/turtlesim/share/turtlesim/cmake/turtlesimConfig.cmake
[114.744s] -- Installing: /home/niiro/ros2_ws/install/turtlesim/share/turtlesim/cmake/turtlesimConfig-version.cmake
[114.744s] -- Installing: /home/niiro/ros2_ws/install/turtlesim/share/turtlesim/package.xml
[114.747s] Invoked command in '/home/niiro/ros2_ws/build/turtlesim' returned '0': CMAKE_PREFIX_PATH=/opt/ros/humble /usr/bin/cmake --install /home/niiro/ros2_ws/build/turtlesim
