[1.480s] Invoking command in '/home/niiro/ros2_ws/src/luxonis': PYTHONPATH=/home/niiro/ros2_ws/build/luxonis/prefix_override:/usr/lib/python3/dist-packages/colcon_core/task/python/colcon_distutils_commands:/home/niiro/ros2_ws/install/luxonis/lib/python3.10/site-packages:${PYTHONPATH} /usr/bin/python3 -W ignore:setup.py install is deprecated setup.py egg_info --egg-base ../../build/luxonis build --build-base /home/niiro/ros2_ws/build/luxonis/build install --record /home/niiro/ros2_ws/build/luxonis/install.log --single-version-externally-managed install_data
[2.019s] running egg_info
[2.020s] writing ../../build/luxonis/luxonis.egg-info/PKG-INFO
[2.021s] writing dependency_links to ../../build/luxonis/luxonis.egg-info/dependency_links.txt
[2.021s] writing entry points to ../../build/luxonis/luxonis.egg-info/entry_points.txt
[2.022s] writing requirements to ../../build/luxonis/luxonis.egg-info/requires.txt
[2.022s] writing top-level names to ../../build/luxonis/luxonis.egg-info/top_level.txt
[2.026s] reading manifest file '../../build/luxonis/luxonis.egg-info/SOURCES.txt'
[2.027s] adding license file 'LICENSE'
[2.029s] writing manifest file '../../build/luxonis/luxonis.egg-info/SOURCES.txt'
[2.030s] running build
[2.031s] running build_py
[2.032s] copying luxonis/alignNUOVISSIMO.py -> /home/niiro/ros2_ws/build/luxonis/build/lib/luxonis
[2.032s] copying luxonis/subscriberDepth.py -> /home/niiro/ros2_ws/build/luxonis/build/lib/luxonis
[2.032s] copying luxonis/publisher.py -> /home/niiro/ros2_ws/build/luxonis/build/lib/luxonis
[2.032s] copying luxonis/subscriberRGB.py -> /home/niiro/ros2_ws/build/luxonis/build/lib/luxonis
[2.041s] running install
[2.043s] running install_lib
[2.044s] copying /home/niiro/ros2_ws/build/luxonis/build/lib/luxonis/alignNUOVISSIMO.py -> /home/niiro/ros2_ws/install/luxonis/lib/python3.10/site-packages/luxonis
[2.044s] copying /home/niiro/ros2_ws/build/luxonis/build/lib/luxonis/subscriberDepth.py -> /home/niiro/ros2_ws/install/luxonis/lib/python3.10/site-packages/luxonis
[2.045s] copying /home/niiro/ros2_ws/build/luxonis/build/lib/luxonis/publisher.py -> /home/niiro/ros2_ws/install/luxonis/lib/python3.10/site-packages/luxonis
[2.045s] copying /home/niiro/ros2_ws/build/luxonis/build/lib/luxonis/subscriberRGB.py -> /home/niiro/ros2_ws/install/luxonis/lib/python3.10/site-packages/luxonis
[2.045s] byte-compiling /home/niiro/ros2_ws/install/luxonis/lib/python3.10/site-packages/luxonis/alignNUOVISSIMO.py to alignNUOVISSIMO.cpython-310.pyc
[2.045s] byte-compiling /home/niiro/ros2_ws/install/luxonis/lib/python3.10/site-packages/luxonis/subscriberDepth.py to subscriberDepth.cpython-310.pyc
[2.045s] byte-compiling /home/niiro/ros2_ws/install/luxonis/lib/python3.10/site-packages/luxonis/publisher.py to publisher.cpython-310.pyc
[2.048s] byte-compiling /home/niiro/ros2_ws/install/luxonis/lib/python3.10/site-packages/luxonis/subscriberRGB.py to subscriberRGB.cpython-310.pyc
[2.051s] running install_data
[2.051s] running install_egg_info
[2.052s] removing '/home/niiro/ros2_ws/install/luxonis/lib/python3.10/site-packages/luxonis-0.0.0-py3.10.egg-info' (and everything under it)
[2.052s] Copying ../../build/luxonis/luxonis.egg-info to /home/niiro/ros2_ws/install/luxonis/lib/python3.10/site-packages/luxonis-0.0.0-py3.10.egg-info
[2.053s] running install_scripts
[2.095s] Installing applicant script to /home/niiro/ros2_ws/install/luxonis/lib/luxonis
[2.096s] Installing publisher script to /home/niiro/ros2_ws/install/luxonis/lib/luxonis
[2.098s] Installing subscriberDepth script to /home/niiro/ros2_ws/install/luxonis/lib/luxonis
[2.098s] Installing subscriberRGB script to /home/niiro/ros2_ws/install/luxonis/lib/luxonis
[2.099s] writing list of installed files to '/home/niiro/ros2_ws/build/luxonis/install.log'
[2.158s] Invoked command in '/home/niiro/ros2_ws/src/luxonis' returned '0': PYTHONPATH=/home/niiro/ros2_ws/build/luxonis/prefix_override:/usr/lib/python3/dist-packages/colcon_core/task/python/colcon_distutils_commands:/home/niiro/ros2_ws/install/luxonis/lib/python3.10/site-packages:${PYTHONPATH} /usr/bin/python3 -W ignore:setup.py install is deprecated setup.py egg_info --egg-base ../../build/luxonis build --build-base /home/niiro/ros2_ws/build/luxonis/build install --record /home/niiro/ros2_ws/build/luxonis/install.log --single-version-externally-managed install_data
