[0.025s] Invoking command in '/home/niiro/ros2_ws/build/turtlesim': CMAKE_PREFIX_PATH=${CMAKE_PREFIX_PATH}:/opt/ros/humble /usr/bin/cmake --build /home/niiro/ros2_ws/build/turtlesim -- -j2 -l2
[0.154s] [35m[1mConsolidate compiler generated dependencies of target turtlesim__rosidl_generator_c[0m
[0.173s] [  1%] Built target turtlesim__cpp
[0.190s] [ 11%] Built target turtlesim__rosidl_generator_c
[0.218s] [35m[1mConsolidate compiler generated dependencies of target turtlesim__rosidl_typesupport_cpp[0m
[0.254s] [ 11%] Built target ament_cmake_python_copy_turtlesim
[0.279s] [ 21%] Built target turtlesim__rosidl_typesupport_cpp
[0.290s] [35m[1mConsolidate compiler generated dependencies of target turtlesim__rosidl_typesupport_fastrtps_c[0m
[0.312s] [35m[1mConsolidate compiler generated dependencies of target turtlesim__rosidl_typesupport_fastrtps_cpp[0m
[0.354s] [ 31%] Built target turtlesim__rosidl_typesupport_fastrtps_c
[0.387s] [ 41%] Built target turtlesim__rosidl_typesupport_fastrtps_cpp
[0.389s] [35m[1mConsolidate compiler generated dependencies of target turtlesim__rosidl_typesupport_introspection_c[0m
[0.414s] [35m[1mConsolidate compiler generated dependencies of target turtlesim__rosidl_typesupport_c[0m
[0.427s] [ 51%] Built target turtlesim__rosidl_typesupport_introspection_c
[0.449s] [ 61%] Built target turtlesim__rosidl_typesupport_c
[0.455s] [35m[1mConsolidate compiler generated dependencies of target turtlesim__rosidl_typesupport_introspection_cpp[0m
[0.543s] [ 71%] Built target turtlesim__rosidl_typesupport_introspection_cpp
[0.583s] [35m[1mConsolidate compiler generated dependencies of target turtlesim_node[0m
[0.678s] [ 77%] Built target turtlesim_node
[0.705s] [35m[1mConsolidate compiler generated dependencies of target turtle_teleop_key[0m
[0.761s] [ 79%] Built target turtle_teleop_key
[0.788s] [35m[1mConsolidate compiler generated dependencies of target draw_square[0m
[0.842s] [ 81%] Built target draw_square
[0.869s] [35m[1mConsolidate compiler generated dependencies of target mimic[0m
[0.927s] [ 83%] Built target mimic
[0.975s] [ 83%] Built target turtlesim
[1.022s] [ 84%] Built target turtlesim__py
[1.053s] [35m[1mConsolidate compiler generated dependencies of target turtlesim__rosidl_generator_py[0m
[1.102s] running egg_info
[1.103s] [ 93%] Built target turtlesim__rosidl_generator_py
[1.104s] writing turtlesim.egg-info/PKG-INFO
[1.105s] writing dependency_links to turtlesim.egg-info/dependency_links.txt
[1.106s] writing top-level names to turtlesim.egg-info/top_level.txt
[1.112s] reading manifest file 'turtlesim.egg-info/SOURCES.txt'
[1.114s] writing manifest file 'turtlesim.egg-info/SOURCES.txt'
[1.130s] [35m[1mConsolidate compiler generated dependencies of target turtlesim__rosidl_typesupport_fastrtps_c__pyext[0m
[1.167s] [ 95%] Built target turtlesim__rosidl_typesupport_fastrtps_c__pyext
[1.185s] [ 95%] Built target ament_cmake_python_build_turtlesim_egg
[1.191s] [35m[1mConsolidate compiler generated dependencies of target turtlesim__rosidl_typesupport_introspection_c__pyext[0m
[1.210s] [35m[1mConsolidate compiler generated dependencies of target turtlesim__rosidl_typesupport_c__pyext[0m
[1.225s] [ 97%] Built target turtlesim__rosidl_typesupport_introspection_c__pyext
[1.245s] [100%] Built target turtlesim__rosidl_typesupport_c__pyext
[1.273s] Invoked command in '/home/niiro/ros2_ws/build/turtlesim' returned '0': CMAKE_PREFIX_PATH=${CMAKE_PREFIX_PATH}:/opt/ros/humble /usr/bin/cmake --build /home/niiro/ros2_ws/build/turtlesim -- -j2 -l2
[1.695s] Invoking command in '/home/niiro/ros2_ws/build/turtlesim': CMAKE_PREFIX_PATH=${CMAKE_PREFIX_PATH}:/opt/ros/humble /usr/bin/cmake --install /home/niiro/ros2_ws/build/turtlesim
[1.713s] -- Install configuration: ""
[1.714s] -- Up-to-date: /home/niiro/ros2_ws/install/turtlesim/share/ament_index/resource_index/rosidl_interfaces/turtlesim
[1.714s] -- Up-to-date: /home/niiro/ros2_ws/install/turtlesim/include/turtlesim/turtlesim
[1.714s] -- Up-to-date: /home/niiro/ros2_ws/install/turtlesim/include/turtlesim/turtlesim/msg
[1.715s] -- Up-to-date: /home/niiro/ros2_ws/install/turtlesim/include/turtlesim/turtlesim/msg/pose.h
[1.715s] -- Up-to-date: /home/niiro/ros2_ws/install/turtlesim/include/turtlesim/turtlesim/msg/rosidl_generator_c__visibility_control.h
[1.716s] -- Up-to-date: /home/niiro/ros2_ws/install/turtlesim/include/turtlesim/turtlesim/msg/detail
[1.716s] -- Up-to-date: /home/niiro/ros2_ws/install/turtlesim/include/turtlesim/turtlesim/msg/detail/color__type_support.h
[1.716s] -- Up-to-date: /home/niiro/ros2_ws/install/turtlesim/include/turtlesim/turtlesim/msg/detail/color__functions.h
[1.717s] -- Up-to-date: /home/niiro/ros2_ws/install/turtlesim/include/turtlesim/turtlesim/msg/detail/pose__functions.h
[1.717s] -- Up-to-date: /home/niiro/ros2_ws/install/turtlesim/include/turtlesim/turtlesim/msg/detail/pose__struct.h
[1.717s] -- Up-to-date: /home/niiro/ros2_ws/install/turtlesim/include/turtlesim/turtlesim/msg/detail/pose__type_support.h
[1.717s] -- Up-to-date: /home/niiro/ros2_ws/install/turtlesim/include/turtlesim/turtlesim/msg/detail/color__struct.h
[1.717s] -- Up-to-date: /home/niiro/ros2_ws/install/turtlesim/include/turtlesim/turtlesim/msg/detail/pose__functions.c
[1.718s] -- Up-to-date: /home/niiro/ros2_ws/install/turtlesim/include/turtlesim/turtlesim/msg/detail/color__functions.c
[1.718s] -- Up-to-date: /home/niiro/ros2_ws/install/turtlesim/include/turtlesim/turtlesim/msg/color.h
[1.718s] -- Up-to-date: /home/niiro/ros2_ws/install/turtlesim/include/turtlesim/turtlesim/srv
[1.719s] -- Up-to-date: /home/niiro/ros2_ws/install/turtlesim/include/turtlesim/turtlesim/srv/kill.h
[1.719s] -- Up-to-date: /home/niiro/ros2_ws/install/turtlesim/include/turtlesim/turtlesim/srv/teleport_absolute.h
[1.719s] -- Up-to-date: /home/niiro/ros2_ws/install/turtlesim/include/turtlesim/turtlesim/srv/teleport_relative.h
[1.720s] -- Up-to-date: /home/niiro/ros2_ws/install/turtlesim/include/turtlesim/turtlesim/srv/detail
[1.720s] -- Up-to-date: /home/niiro/ros2_ws/install/turtlesim/include/turtlesim/turtlesim/srv/detail/kill__struct.h
[1.720s] -- Up-to-date: /home/niiro/ros2_ws/install/turtlesim/include/turtlesim/turtlesim/srv/detail/teleport_relative__type_support.h
[1.720s] -- Up-to-date: /home/niiro/ros2_ws/install/turtlesim/include/turtlesim/turtlesim/srv/detail/kill__functions.h
[1.721s] -- Up-to-date: /home/niiro/ros2_ws/install/turtlesim/include/turtlesim/turtlesim/srv/detail/teleport_absolute__struct.h
[1.721s] -- Up-to-date: /home/niiro/ros2_ws/install/turtlesim/include/turtlesim/turtlesim/srv/detail/teleport_relative__functions.c
[1.722s] -- Up-to-date: /home/niiro/ros2_ws/install/turtlesim/include/turtlesim/turtlesim/srv/detail/teleport_absolute__functions.h
[1.722s] -- Up-to-date: /home/niiro/ros2_ws/install/turtlesim/include/turtlesim/turtlesim/srv/detail/kill__type_support.h
[1.723s] -- Up-to-date: /home/niiro/ros2_ws/install/turtlesim/include/turtlesim/turtlesim/srv/detail/set_pen__type_support.h
[1.723s] -- Up-to-date: /home/niiro/ros2_ws/install/turtlesim/include/turtlesim/turtlesim/srv/detail/teleport_absolute__functions.c
[1.724s] -- Up-to-date: /home/niiro/ros2_ws/install/turtlesim/include/turtlesim/turtlesim/srv/detail/set_pen__functions.c
[1.724s] -- Up-to-date: /home/niiro/ros2_ws/install/turtlesim/include/turtlesim/turtlesim/srv/detail/kill__functions.c
[1.725s] -- Up-to-date: /home/niiro/ros2_ws/install/turtlesim/include/turtlesim/turtlesim/srv/detail/set_pen__functions.h
[1.725s] -- Up-to-date: /home/niiro/ros2_ws/install/turtlesim/include/turtlesim/turtlesim/srv/detail/teleport_relative__functions.h
[1.725s] -- Up-to-date: /home/niiro/ros2_ws/install/turtlesim/include/turtlesim/turtlesim/srv/detail/spawn__struct.h
[1.725s] -- Up-to-date: /home/niiro/ros2_ws/install/turtlesim/include/turtlesim/turtlesim/srv/detail/teleport_relative__struct.h
[1.725s] -- Up-to-date: /home/niiro/ros2_ws/install/turtlesim/include/turtlesim/turtlesim/srv/detail/teleport_absolute__type_support.h
[1.726s] -- Up-to-date: /home/niiro/ros2_ws/install/turtlesim/include/turtlesim/turtlesim/srv/detail/spawn__functions.h
[1.726s] -- Up-to-date: /home/niiro/ros2_ws/install/turtlesim/include/turtlesim/turtlesim/srv/detail/set_pen__struct.h
[1.727s] -- Up-to-date: /home/niiro/ros2_ws/install/turtlesim/include/turtlesim/turtlesim/srv/detail/spawn__functions.c
[1.731s] -- Up-to-date: /home/niiro/ros2_ws/install/turtlesim/include/turtlesim/turtlesim/srv/detail/spawn__type_support.h
[1.731s] -- Up-to-date: /home/niiro/ros2_ws/install/turtlesim/include/turtlesim/turtlesim/srv/spawn.h
[1.732s] -- Up-to-date: /home/niiro/ros2_ws/install/turtlesim/include/turtlesim/turtlesim/srv/set_pen.h
[1.732s] -- Up-to-date: /home/niiro/ros2_ws/install/turtlesim/include/turtlesim/turtlesim/action
[1.732s] -- Up-to-date: /home/niiro/ros2_ws/install/turtlesim/include/turtlesim/turtlesim/action/rotate_absolute.h
[1.732s] -- Up-to-date: /home/niiro/ros2_ws/install/turtlesim/include/turtlesim/turtlesim/action/detail
[1.732s] -- Up-to-date: /home/niiro/ros2_ws/install/turtlesim/include/turtlesim/turtlesim/action/detail/rotate_absolute__functions.h
[1.733s] -- Up-to-date: /home/niiro/ros2_ws/install/turtlesim/include/turtlesim/turtlesim/action/detail/rotate_absolute__type_support.h
[1.733s] -- Up-to-date: /home/niiro/ros2_ws/install/turtlesim/include/turtlesim/turtlesim/action/detail/rotate_absolute__functions.c
[1.733s] -- Up-to-date: /home/niiro/ros2_ws/install/turtlesim/include/turtlesim/turtlesim/action/detail/rotate_absolute__struct.h
[1.733s] -- Up-to-date: /home/niiro/ros2_ws/install/turtlesim/share/turtlesim/environment/library_path.sh
[1.734s] -- Up-to-date: /home/niiro/ros2_ws/install/turtlesim/share/turtlesim/environment/library_path.dsv
[1.734s] -- Up-to-date: /home/niiro/ros2_ws/install/turtlesim/lib/libturtlesim__rosidl_generator_c.so
[1.734s] -- Up-to-date: /home/niiro/ros2_ws/install/turtlesim/include/turtlesim/turtlesim
[1.734s] -- Up-to-date: /home/niiro/ros2_ws/install/turtlesim/include/turtlesim/turtlesim/msg
[1.735s] -- Up-to-date: /home/niiro/ros2_ws/install/turtlesim/include/turtlesim/turtlesim/msg/rosidl_typesupport_fastrtps_c__visibility_control.h
[1.735s] -- Up-to-date: /home/niiro/ros2_ws/install/turtlesim/include/turtlesim/turtlesim/msg/detail
[1.736s] -- Up-to-date: /home/niiro/ros2_ws/install/turtlesim/include/turtlesim/turtlesim/msg/detail/pose__rosidl_typesupport_fastrtps_c.h
[1.737s] -- Up-to-date: /home/niiro/ros2_ws/install/turtlesim/include/turtlesim/turtlesim/msg/detail/color__rosidl_typesupport_fastrtps_c.h
[1.737s] -- Up-to-date: /home/niiro/ros2_ws/install/turtlesim/include/turtlesim/turtlesim/srv
[1.737s] -- Up-to-date: /home/niiro/ros2_ws/install/turtlesim/include/turtlesim/turtlesim/srv/detail
[1.737s] -- Up-to-date: /home/niiro/ros2_ws/install/turtlesim/include/turtlesim/turtlesim/srv/detail/teleport_absolute__rosidl_typesupport_fastrtps_c.h
[1.737s] -- Up-to-date: /home/niiro/ros2_ws/install/turtlesim/include/turtlesim/turtlesim/srv/detail/teleport_relative__rosidl_typesupport_fastrtps_c.h
[1.737s] -- Up-to-date: /home/niiro/ros2_ws/install/turtlesim/include/turtlesim/turtlesim/srv/detail/kill__rosidl_typesupport_fastrtps_c.h
[1.738s] -- Up-to-date: /home/niiro/ros2_ws/install/turtlesim/include/turtlesim/turtlesim/srv/detail/set_pen__rosidl_typesupport_fastrtps_c.h
[1.738s] -- Up-to-date: /home/niiro/ros2_ws/install/turtlesim/include/turtlesim/turtlesim/srv/detail/spawn__rosidl_typesupport_fastrtps_c.h
[1.738s] -- Up-to-date: /home/niiro/ros2_ws/install/turtlesim/include/turtlesim/turtlesim/action
[1.738s] -- Up-to-date: /home/niiro/ros2_ws/install/turtlesim/include/turtlesim/turtlesim/action/detail
[1.738s] -- Up-to-date: /home/niiro/ros2_ws/install/turtlesim/include/turtlesim/turtlesim/action/detail/rotate_absolute__rosidl_typesupport_fastrtps_c.h
[1.739s] -- Up-to-date: /home/niiro/ros2_ws/install/turtlesim/lib/libturtlesim__rosidl_typesupport_fastrtps_c.so
[1.741s] -- Up-to-date: /home/niiro/ros2_ws/install/turtlesim/include/turtlesim/turtlesim
[1.741s] -- Up-to-date: /home/niiro/ros2_ws/install/turtlesim/include/turtlesim/turtlesim/msg
[1.741s] -- Up-to-date: /home/niiro/ros2_ws/install/turtlesim/include/turtlesim/turtlesim/msg/pose.hpp
[1.741s] -- Up-to-date: /home/niiro/ros2_ws/install/turtlesim/include/turtlesim/turtlesim/msg/color.hpp
[1.741s] -- Up-to-date: /home/niiro/ros2_ws/install/turtlesim/include/turtlesim/turtlesim/msg/detail
[1.742s] -- Up-to-date: /home/niiro/ros2_ws/install/turtlesim/include/turtlesim/turtlesim/msg/detail/color__traits.hpp
[1.742s] -- Up-to-date: /home/niiro/ros2_ws/install/turtlesim/include/turtlesim/turtlesim/msg/detail/color__struct.hpp
[1.742s] -- Up-to-date: /home/niiro/ros2_ws/install/turtlesim/include/turtlesim/turtlesim/msg/detail/color__builder.hpp
[1.742s] -- Up-to-date: /home/niiro/ros2_ws/install/turtlesim/include/turtlesim/turtlesim/msg/detail/pose__traits.hpp
[1.742s] -- Up-to-date: /home/niiro/ros2_ws/install/turtlesim/include/turtlesim/turtlesim/msg/detail/pose__struct.hpp
[1.742s] -- Up-to-date: /home/niiro/ros2_ws/install/turtlesim/include/turtlesim/turtlesim/msg/detail/pose__builder.hpp
[1.743s] -- Up-to-date: /home/niiro/ros2_ws/install/turtlesim/include/turtlesim/turtlesim/srv
[1.743s] -- Up-to-date: /home/niiro/ros2_ws/install/turtlesim/include/turtlesim/turtlesim/srv/teleport_absolute.hpp
[1.743s] -- Up-to-date: /home/niiro/ros2_ws/install/turtlesim/include/turtlesim/turtlesim/srv/kill.hpp
[1.743s] -- Up-to-date: /home/niiro/ros2_ws/install/turtlesim/include/turtlesim/turtlesim/srv/set_pen.hpp
[1.743s] -- Up-to-date: /home/niiro/ros2_ws/install/turtlesim/include/turtlesim/turtlesim/srv/spawn.hpp
[1.744s] -- Up-to-date: /home/niiro/ros2_ws/install/turtlesim/include/turtlesim/turtlesim/srv/detail
[1.744s] -- Up-to-date: /home/niiro/ros2_ws/install/turtlesim/include/turtlesim/turtlesim/srv/detail/kill__builder.hpp
[1.744s] -- Up-to-date: /home/niiro/ros2_ws/install/turtlesim/include/turtlesim/turtlesim/srv/detail/teleport_relative__struct.hpp
[1.744s] -- Up-to-date: /home/niiro/ros2_ws/install/turtlesim/include/turtlesim/turtlesim/srv/detail/set_pen__struct.hpp
[1.744s] -- Up-to-date: /home/niiro/ros2_ws/install/turtlesim/include/turtlesim/turtlesim/srv/detail/kill__traits.hpp
[1.745s] -- Up-to-date: /home/niiro/ros2_ws/install/turtlesim/include/turtlesim/turtlesim/srv/detail/teleport_relative__builder.hpp
[1.745s] -- Up-to-date: /home/niiro/ros2_ws/install/turtlesim/include/turtlesim/turtlesim/srv/detail/spawn__traits.hpp
[1.745s] -- Up-to-date: /home/niiro/ros2_ws/install/turtlesim/include/turtlesim/turtlesim/srv/detail/teleport_absolute__traits.hpp
[1.745s] -- Up-to-date: /home/niiro/ros2_ws/install/turtlesim/include/turtlesim/turtlesim/srv/detail/spawn__builder.hpp
[1.745s] -- Up-to-date: /home/niiro/ros2_ws/install/turtlesim/include/turtlesim/turtlesim/srv/detail/spawn__struct.hpp
[1.745s] -- Up-to-date: /home/niiro/ros2_ws/install/turtlesim/include/turtlesim/turtlesim/srv/detail/set_pen__builder.hpp
[1.746s] -- Up-to-date: /home/niiro/ros2_ws/install/turtlesim/include/turtlesim/turtlesim/srv/detail/teleport_absolute__struct.hpp
[1.746s] -- Up-to-date: /home/niiro/ros2_ws/install/turtlesim/include/turtlesim/turtlesim/srv/detail/teleport_relative__traits.hpp
[1.746s] -- Up-to-date: /home/niiro/ros2_ws/install/turtlesim/include/turtlesim/turtlesim/srv/detail/teleport_absolute__builder.hpp
[1.746s] -- Up-to-date: /home/niiro/ros2_ws/install/turtlesim/include/turtlesim/turtlesim/srv/detail/kill__struct.hpp
[1.746s] -- Up-to-date: /home/niiro/ros2_ws/install/turtlesim/include/turtlesim/turtlesim/srv/detail/set_pen__traits.hpp
[1.746s] -- Up-to-date: /home/niiro/ros2_ws/install/turtlesim/include/turtlesim/turtlesim/srv/teleport_relative.hpp
[1.747s] -- Up-to-date: /home/niiro/ros2_ws/install/turtlesim/include/turtlesim/turtlesim/action
[1.747s] -- Up-to-date: /home/niiro/ros2_ws/install/turtlesim/include/turtlesim/turtlesim/action/rotate_absolute.hpp
[1.747s] -- Up-to-date: /home/niiro/ros2_ws/install/turtlesim/include/turtlesim/turtlesim/action/detail
[1.747s] -- Up-to-date: /home/niiro/ros2_ws/install/turtlesim/include/turtlesim/turtlesim/action/detail/rotate_absolute__builder.hpp
[1.747s] -- Up-to-date: /home/niiro/ros2_ws/install/turtlesim/include/turtlesim/turtlesim/action/detail/rotate_absolute__struct.hpp
[1.747s] -- Up-to-date: /home/niiro/ros2_ws/install/turtlesim/include/turtlesim/turtlesim/action/detail/rotate_absolute__traits.hpp
[1.748s] -- Up-to-date: /home/niiro/ros2_ws/install/turtlesim/include/turtlesim/turtlesim
[1.748s] -- Up-to-date: /home/niiro/ros2_ws/install/turtlesim/include/turtlesim/turtlesim/msg
[1.748s] -- Up-to-date: /home/niiro/ros2_ws/install/turtlesim/include/turtlesim/turtlesim/msg/detail
[1.748s] -- Up-to-date: /home/niiro/ros2_ws/install/turtlesim/include/turtlesim/turtlesim/msg/detail/pose__rosidl_typesupport_fastrtps_cpp.hpp
[1.748s] -- Up-to-date: /home/niiro/ros2_ws/install/turtlesim/include/turtlesim/turtlesim/msg/detail/dds_fastrtps
[1.748s] -- Up-to-date: /home/niiro/ros2_ws/install/turtlesim/include/turtlesim/turtlesim/msg/detail/color__rosidl_typesupport_fastrtps_cpp.hpp
[1.749s] -- Up-to-date: /home/niiro/ros2_ws/install/turtlesim/include/turtlesim/turtlesim/msg/rosidl_typesupport_fastrtps_cpp__visibility_control.h
[1.749s] -- Up-to-date: /home/niiro/ros2_ws/install/turtlesim/include/turtlesim/turtlesim/srv
[1.749s] -- Up-to-date: /home/niiro/ros2_ws/install/turtlesim/include/turtlesim/turtlesim/srv/detail
[1.749s] -- Up-to-date: /home/niiro/ros2_ws/install/turtlesim/include/turtlesim/turtlesim/srv/detail/kill__rosidl_typesupport_fastrtps_cpp.hpp
[1.749s] -- Up-to-date: /home/niiro/ros2_ws/install/turtlesim/include/turtlesim/turtlesim/srv/detail/dds_fastrtps
[1.750s] -- Up-to-date: /home/niiro/ros2_ws/install/turtlesim/include/turtlesim/turtlesim/srv/detail/set_pen__rosidl_typesupport_fastrtps_cpp.hpp
[1.750s] -- Up-to-date: /home/niiro/ros2_ws/install/turtlesim/include/turtlesim/turtlesim/srv/detail/teleport_relative__rosidl_typesupport_fastrtps_cpp.hpp
[1.750s] -- Up-to-date: /home/niiro/ros2_ws/install/turtlesim/include/turtlesim/turtlesim/srv/detail/spawn__rosidl_typesupport_fastrtps_cpp.hpp
[1.750s] -- Up-to-date: /home/niiro/ros2_ws/install/turtlesim/include/turtlesim/turtlesim/srv/detail/teleport_absolute__rosidl_typesupport_fastrtps_cpp.hpp
[1.750s] -- Up-to-date: /home/niiro/ros2_ws/install/turtlesim/include/turtlesim/turtlesim/action
[1.750s] -- Up-to-date: /home/niiro/ros2_ws/install/turtlesim/include/turtlesim/turtlesim/action/detail
[1.751s] -- Up-to-date: /home/niiro/ros2_ws/install/turtlesim/include/turtlesim/turtlesim/action/detail/dds_fastrtps
[1.751s] -- Up-to-date: /home/niiro/ros2_ws/install/turtlesim/include/turtlesim/turtlesim/action/detail/rotate_absolute__rosidl_typesupport_fastrtps_cpp.hpp
[1.751s] -- Up-to-date: /home/niiro/ros2_ws/install/turtlesim/lib/libturtlesim__rosidl_typesupport_fastrtps_cpp.so
[1.751s] -- Up-to-date: /home/niiro/ros2_ws/install/turtlesim/include/turtlesim/turtlesim
[1.751s] -- Up-to-date: /home/niiro/ros2_ws/install/turtlesim/include/turtlesim/turtlesim/msg
[1.751s] -- Up-to-date: /home/niiro/ros2_ws/install/turtlesim/include/turtlesim/turtlesim/msg/rosidl_typesupport_introspection_c__visibility_control.h
[1.752s] -- Up-to-date: /home/niiro/ros2_ws/install/turtlesim/include/turtlesim/turtlesim/msg/detail
[1.752s] -- Up-to-date: /home/niiro/ros2_ws/install/turtlesim/include/turtlesim/turtlesim/msg/detail/pose__rosidl_typesupport_introspection_c.h
[1.752s] -- Up-to-date: /home/niiro/ros2_ws/install/turtlesim/include/turtlesim/turtlesim/msg/detail/pose__type_support.c
[1.753s] -- Up-to-date: /home/niiro/ros2_ws/install/turtlesim/include/turtlesim/turtlesim/msg/detail/color__rosidl_typesupport_introspection_c.h
[1.753s] -- Up-to-date: /home/niiro/ros2_ws/install/turtlesim/include/turtlesim/turtlesim/msg/detail/color__type_support.c
[1.753s] -- Up-to-date: /home/niiro/ros2_ws/install/turtlesim/include/turtlesim/turtlesim/srv
[1.753s] -- Up-to-date: /home/niiro/ros2_ws/install/turtlesim/include/turtlesim/turtlesim/srv/detail
[1.753s] -- Up-to-date: /home/niiro/ros2_ws/install/turtlesim/include/turtlesim/turtlesim/srv/detail/teleport_absolute__type_support.c
[1.753s] -- Up-to-date: /home/niiro/ros2_ws/install/turtlesim/include/turtlesim/turtlesim/srv/detail/teleport_absolute__rosidl_typesupport_introspection_c.h
[1.754s] -- Up-to-date: /home/niiro/ros2_ws/install/turtlesim/include/turtlesim/turtlesim/srv/detail/set_pen__type_support.c
[1.754s] -- Up-to-date: /home/niiro/ros2_ws/install/turtlesim/include/turtlesim/turtlesim/srv/detail/spawn__rosidl_typesupport_introspection_c.h
[1.754s] -- Up-to-date: /home/niiro/ros2_ws/install/turtlesim/include/turtlesim/turtlesim/srv/detail/teleport_relative__rosidl_typesupport_introspection_c.h
[1.754s] -- Up-to-date: /home/niiro/ros2_ws/install/turtlesim/include/turtlesim/turtlesim/srv/detail/kill__type_support.c
[1.754s] -- Up-to-date: /home/niiro/ros2_ws/install/turtlesim/include/turtlesim/turtlesim/srv/detail/teleport_relative__type_support.c
[1.754s] -- Up-to-date: /home/niiro/ros2_ws/install/turtlesim/include/turtlesim/turtlesim/srv/detail/spawn__type_support.c
[1.755s] -- Up-to-date: /home/niiro/ros2_ws/install/turtlesim/include/turtlesim/turtlesim/srv/detail/kill__rosidl_typesupport_introspection_c.h
[1.755s] -- Up-to-date: /home/niiro/ros2_ws/install/turtlesim/include/turtlesim/turtlesim/srv/detail/set_pen__rosidl_typesupport_introspection_c.h
[1.755s] -- Up-to-date: /home/niiro/ros2_ws/install/turtlesim/include/turtlesim/turtlesim/action
[1.755s] -- Up-to-date: /home/niiro/ros2_ws/install/turtlesim/include/turtlesim/turtlesim/action/detail
[1.755s] -- Up-to-date: /home/niiro/ros2_ws/install/turtlesim/include/turtlesim/turtlesim/action/detail/rotate_absolute__rosidl_typesupport_introspection_c.h
[1.756s] -- Up-to-date: /home/niiro/ros2_ws/install/turtlesim/include/turtlesim/turtlesim/action/detail/rotate_absolute__type_support.c
[1.756s] -- Up-to-date: /home/niiro/ros2_ws/install/turtlesim/lib/libturtlesim__rosidl_typesupport_introspection_c.so
[1.756s] -- Up-to-date: /home/niiro/ros2_ws/install/turtlesim/lib/libturtlesim__rosidl_typesupport_c.so
[1.756s] -- Up-to-date: /home/niiro/ros2_ws/install/turtlesim/include/turtlesim/turtlesim
[1.756s] -- Up-to-date: /home/niiro/ros2_ws/install/turtlesim/include/turtlesim/turtlesim/msg
[1.756s] -- Up-to-date: /home/niiro/ros2_ws/install/turtlesim/include/turtlesim/turtlesim/msg/detail
[1.757s] -- Up-to-date: /home/niiro/ros2_ws/install/turtlesim/include/turtlesim/turtlesim/msg/detail/pose__type_support.cpp
[1.757s] -- Up-to-date: /home/niiro/ros2_ws/install/turtlesim/include/turtlesim/turtlesim/msg/detail/pose__rosidl_typesupport_introspection_cpp.hpp
[1.757s] -- Up-to-date: /home/niiro/ros2_ws/install/turtlesim/include/turtlesim/turtlesim/msg/detail/color__rosidl_typesupport_introspection_cpp.hpp
[1.757s] -- Up-to-date: /home/niiro/ros2_ws/install/turtlesim/include/turtlesim/turtlesim/msg/detail/color__type_support.cpp
[1.757s] -- Up-to-date: /home/niiro/ros2_ws/install/turtlesim/include/turtlesim/turtlesim/srv
[1.758s] -- Up-to-date: /home/niiro/ros2_ws/install/turtlesim/include/turtlesim/turtlesim/srv/detail
[1.758s] -- Up-to-date: /home/niiro/ros2_ws/install/turtlesim/include/turtlesim/turtlesim/srv/detail/kill__type_support.cpp
[1.758s] -- Up-to-date: /home/niiro/ros2_ws/install/turtlesim/include/turtlesim/turtlesim/srv/detail/set_pen__type_support.cpp
[1.758s] -- Up-to-date: /home/niiro/ros2_ws/install/turtlesim/include/turtlesim/turtlesim/srv/detail/teleport_absolute__rosidl_typesupport_introspection_cpp.hpp
[1.758s] -- Up-to-date: /home/niiro/ros2_ws/install/turtlesim/include/turtlesim/turtlesim/srv/detail/teleport_relative__rosidl_typesupport_introspection_cpp.hpp
[1.759s] -- Up-to-date: /home/niiro/ros2_ws/install/turtlesim/include/turtlesim/turtlesim/srv/detail/set_pen__rosidl_typesupport_introspection_cpp.hpp
[1.759s] -- Up-to-date: /home/niiro/ros2_ws/install/turtlesim/include/turtlesim/turtlesim/srv/detail/teleport_absolute__type_support.cpp
[1.759s] -- Up-to-date: /home/niiro/ros2_ws/install/turtlesim/include/turtlesim/turtlesim/srv/detail/spawn__rosidl_typesupport_introspection_cpp.hpp
[1.759s] -- Up-to-date: /home/niiro/ros2_ws/install/turtlesim/include/turtlesim/turtlesim/srv/detail/kill__rosidl_typesupport_introspection_cpp.hpp
[1.759s] -- Up-to-date: /home/niiro/ros2_ws/install/turtlesim/include/turtlesim/turtlesim/srv/detail/teleport_relative__type_support.cpp
[1.759s] -- Up-to-date: /home/niiro/ros2_ws/install/turtlesim/include/turtlesim/turtlesim/srv/detail/spawn__type_support.cpp
[1.760s] -- Up-to-date: /home/niiro/ros2_ws/install/turtlesim/include/turtlesim/turtlesim/action
[1.760s] -- Up-to-date: /home/niiro/ros2_ws/install/turtlesim/include/turtlesim/turtlesim/action/detail
[1.760s] -- Up-to-date: /home/niiro/ros2_ws/install/turtlesim/include/turtlesim/turtlesim/action/detail/rotate_absolute__type_support.cpp
[1.760s] -- Up-to-date: /home/niiro/ros2_ws/install/turtlesim/include/turtlesim/turtlesim/action/detail/rotate_absolute__rosidl_typesupport_introspection_cpp.hpp
[1.760s] -- Up-to-date: /home/niiro/ros2_ws/install/turtlesim/lib/libturtlesim__rosidl_typesupport_introspection_cpp.so
[1.760s] -- Up-to-date: /home/niiro/ros2_ws/install/turtlesim/lib/libturtlesim__rosidl_typesupport_cpp.so
[1.761s] -- Up-to-date: /home/niiro/ros2_ws/install/turtlesim/share/turtlesim/environment/pythonpath.sh
[1.761s] -- Up-to-date: /home/niiro/ros2_ws/install/turtlesim/share/turtlesim/environment/pythonpath.dsv
[1.761s] -- Up-to-date: /home/niiro/ros2_ws/install/turtlesim/local/lib/python3.10/dist-packages/turtlesim-1.4.2-py3.10.egg-info
[1.761s] -- Installing: /home/niiro/ros2_ws/install/turtlesim/local/lib/python3.10/dist-packages/turtlesim-1.4.2-py3.10.egg-info/top_level.txt
[1.761s] -- Installing: /home/niiro/ros2_ws/install/turtlesim/local/lib/python3.10/dist-packages/turtlesim-1.4.2-py3.10.egg-info/SOURCES.txt
[1.761s] -- Installing: /home/niiro/ros2_ws/install/turtlesim/local/lib/python3.10/dist-packages/turtlesim-1.4.2-py3.10.egg-info/PKG-INFO
[1.762s] -- Installing: /home/niiro/ros2_ws/install/turtlesim/local/lib/python3.10/dist-packages/turtlesim-1.4.2-py3.10.egg-info/dependency_links.txt
[1.762s] -- Up-to-date: /home/niiro/ros2_ws/install/turtlesim/local/lib/python3.10/dist-packages/turtlesim
[1.762s] -- Up-to-date: /home/niiro/ros2_ws/install/turtlesim/local/lib/python3.10/dist-packages/turtlesim/_turtlesim_s.ep.rosidl_typesupport_fastrtps_c.c
[1.762s] -- Up-to-date: /home/niiro/ros2_ws/install/turtlesim/local/lib/python3.10/dist-packages/turtlesim/turtlesim_s__rosidl_typesupport_introspection_c.cpython-310-x86_64-linux-gnu.so
[1.762s] -- Up-to-date: /home/niiro/ros2_ws/install/turtlesim/local/lib/python3.10/dist-packages/turtlesim/__init__.py
[1.763s] -- Up-to-date: /home/niiro/ros2_ws/install/turtlesim/local/lib/python3.10/dist-packages/turtlesim/msg
[1.763s] -- Up-to-date: /home/niiro/ros2_ws/install/turtlesim/local/lib/python3.10/dist-packages/turtlesim/msg/__init__.py
[1.763s] -- Up-to-date: /home/niiro/ros2_ws/install/turtlesim/local/lib/python3.10/dist-packages/turtlesim/msg/_pose_s.c
[1.763s] -- Up-to-date: /home/niiro/ros2_ws/install/turtlesim/local/lib/python3.10/dist-packages/turtlesim/msg/_color.py
[1.763s] -- Up-to-date: /home/niiro/ros2_ws/install/turtlesim/local/lib/python3.10/dist-packages/turtlesim/msg/_color_s.c
[1.763s] -- Up-to-date: /home/niiro/ros2_ws/install/turtlesim/local/lib/python3.10/dist-packages/turtlesim/msg/_pose.py
[1.764s] -- Up-to-date: /home/niiro/ros2_ws/install/turtlesim/local/lib/python3.10/dist-packages/turtlesim/_turtlesim_s.ep.rosidl_typesupport_introspection_c.c
[1.764s] -- Up-to-date: /home/niiro/ros2_ws/install/turtlesim/local/lib/python3.10/dist-packages/turtlesim/turtlesim_s__rosidl_typesupport_fastrtps_c.cpython-310-x86_64-linux-gnu.so
[1.764s] -- Up-to-date: /home/niiro/ros2_ws/install/turtlesim/local/lib/python3.10/dist-packages/turtlesim/srv
[1.764s] -- Up-to-date: /home/niiro/ros2_ws/install/turtlesim/local/lib/python3.10/dist-packages/turtlesim/srv/_set_pen_s.c
[1.764s] -- Up-to-date: /home/niiro/ros2_ws/install/turtlesim/local/lib/python3.10/dist-packages/turtlesim/srv/__init__.py
[1.764s] -- Up-to-date: /home/niiro/ros2_ws/install/turtlesim/local/lib/python3.10/dist-packages/turtlesim/srv/_kill.py
[1.765s] -- Up-to-date: /home/niiro/ros2_ws/install/turtlesim/local/lib/python3.10/dist-packages/turtlesim/srv/_spawn.py
[1.765s] -- Up-to-date: /home/niiro/ros2_ws/install/turtlesim/local/lib/python3.10/dist-packages/turtlesim/srv/_teleport_relative_s.c
[1.765s] -- Up-to-date: /home/niiro/ros2_ws/install/turtlesim/local/lib/python3.10/dist-packages/turtlesim/srv/_teleport_absolute.py
[1.765s] -- Up-to-date: /home/niiro/ros2_ws/install/turtlesim/local/lib/python3.10/dist-packages/turtlesim/srv/_set_pen.py
[1.765s] -- Up-to-date: /home/niiro/ros2_ws/install/turtlesim/local/lib/python3.10/dist-packages/turtlesim/srv/_kill_s.c
[1.765s] -- Up-to-date: /home/niiro/ros2_ws/install/turtlesim/local/lib/python3.10/dist-packages/turtlesim/srv/_teleport_absolute_s.c
[1.766s] -- Up-to-date: /home/niiro/ros2_ws/install/turtlesim/local/lib/python3.10/dist-packages/turtlesim/srv/_spawn_s.c
[1.766s] -- Up-to-date: /home/niiro/ros2_ws/install/turtlesim/local/lib/python3.10/dist-packages/turtlesim/srv/_teleport_relative.py
[1.766s] -- Up-to-date: /home/niiro/ros2_ws/install/turtlesim/local/lib/python3.10/dist-packages/turtlesim/action
[1.766s] -- Up-to-date: /home/niiro/ros2_ws/install/turtlesim/local/lib/python3.10/dist-packages/turtlesim/action/__init__.py
[1.766s] -- Up-to-date: /home/niiro/ros2_ws/install/turtlesim/local/lib/python3.10/dist-packages/turtlesim/action/_rotate_absolute.py
[1.767s] -- Up-to-date: /home/niiro/ros2_ws/install/turtlesim/local/lib/python3.10/dist-packages/turtlesim/action/_rotate_absolute_s.c
[1.767s] -- Up-to-date: /home/niiro/ros2_ws/install/turtlesim/local/lib/python3.10/dist-packages/turtlesim/libturtlesim__rosidl_generator_py.so
[1.767s] -- Up-to-date: /home/niiro/ros2_ws/install/turtlesim/local/lib/python3.10/dist-packages/turtlesim/_turtlesim_s.ep.rosidl_typesupport_c.c
[1.767s] -- Up-to-date: /home/niiro/ros2_ws/install/turtlesim/local/lib/python3.10/dist-packages/turtlesim/turtlesim_s__rosidl_typesupport_c.cpython-310-x86_64-linux-gnu.so
[1.801s] Listing '/home/niiro/ros2_ws/install/turtlesim/local/lib/python3.10/dist-packages/turtlesim'...
[1.801s] Listing '/home/niiro/ros2_ws/install/turtlesim/local/lib/python3.10/dist-packages/turtlesim/action'...
[1.801s] Listing '/home/niiro/ros2_ws/install/turtlesim/local/lib/python3.10/dist-packages/turtlesim/msg'...
[1.801s] Listing '/home/niiro/ros2_ws/install/turtlesim/local/lib/python3.10/dist-packages/turtlesim/srv'...
[1.810s] -- Up-to-date: /home/niiro/ros2_ws/install/turtlesim/local/lib/python3.10/dist-packages/turtlesim/turtlesim_s__rosidl_typesupport_fastrtps_c.cpython-310-x86_64-linux-gnu.so
[1.810s] -- Up-to-date: /home/niiro/ros2_ws/install/turtlesim/local/lib/python3.10/dist-packages/turtlesim/turtlesim_s__rosidl_typesupport_introspection_c.cpython-310-x86_64-linux-gnu.so
[1.811s] -- Up-to-date: /home/niiro/ros2_ws/install/turtlesim/local/lib/python3.10/dist-packages/turtlesim/turtlesim_s__rosidl_typesupport_c.cpython-310-x86_64-linux-gnu.so
[1.812s] -- Up-to-date: /home/niiro/ros2_ws/install/turtlesim/lib/libturtlesim__rosidl_generator_py.so
[1.813s] -- Up-to-date: /home/niiro/ros2_ws/install/turtlesim/share/turtlesim/action/RotateAbsolute.idl
[1.814s] -- Up-to-date: /home/niiro/ros2_ws/install/turtlesim/share/turtlesim/msg/Color.idl
[1.814s] -- Up-to-date: /home/niiro/ros2_ws/install/turtlesim/share/turtlesim/msg/Pose.idl
[1.814s] -- Up-to-date: /home/niiro/ros2_ws/install/turtlesim/share/turtlesim/srv/Kill.idl
[1.815s] -- Up-to-date: /home/niiro/ros2_ws/install/turtlesim/share/turtlesim/srv/SetPen.idl
[1.815s] -- Up-to-date: /home/niiro/ros2_ws/install/turtlesim/share/turtlesim/srv/Spawn.idl
[1.816s] -- Up-to-date: /home/niiro/ros2_ws/install/turtlesim/share/turtlesim/srv/TeleportAbsolute.idl
[1.816s] -- Up-to-date: /home/niiro/ros2_ws/install/turtlesim/share/turtlesim/srv/TeleportRelative.idl
[1.816s] -- Up-to-date: /home/niiro/ros2_ws/install/turtlesim/share/turtlesim/action/RotateAbsolute.action
[1.816s] -- Up-to-date: /home/niiro/ros2_ws/install/turtlesim/share/turtlesim/msg/Color.msg
[1.816s] -- Up-to-date: /home/niiro/ros2_ws/install/turtlesim/share/turtlesim/msg/Pose.msg
[1.817s] -- Up-to-date: /home/niiro/ros2_ws/install/turtlesim/share/turtlesim/srv/Kill.srv
[1.817s] -- Up-to-date: /home/niiro/ros2_ws/install/turtlesim/share/turtlesim/srv/Kill_Request.msg
[1.817s] -- Up-to-date: /home/niiro/ros2_ws/install/turtlesim/share/turtlesim/srv/Kill_Response.msg
[1.817s] -- Up-to-date: /home/niiro/ros2_ws/install/turtlesim/share/turtlesim/srv/SetPen.srv
[1.817s] -- Up-to-date: /home/niiro/ros2_ws/install/turtlesim/share/turtlesim/srv/SetPen_Request.msg
[1.817s] -- Up-to-date: /home/niiro/ros2_ws/install/turtlesim/share/turtlesim/srv/SetPen_Response.msg
[1.818s] -- Up-to-date: /home/niiro/ros2_ws/install/turtlesim/share/turtlesim/srv/Spawn.srv
[1.818s] -- Up-to-date: /home/niiro/ros2_ws/install/turtlesim/share/turtlesim/srv/Spawn_Request.msg
[1.818s] -- Up-to-date: /home/niiro/ros2_ws/install/turtlesim/share/turtlesim/srv/Spawn_Response.msg
[1.818s] -- Up-to-date: /home/niiro/ros2_ws/install/turtlesim/share/turtlesim/srv/TeleportAbsolute.srv
[1.818s] -- Up-to-date: /home/niiro/ros2_ws/install/turtlesim/share/turtlesim/srv/TeleportAbsolute_Request.msg
[1.819s] -- Up-to-date: /home/niiro/ros2_ws/install/turtlesim/share/turtlesim/srv/TeleportAbsolute_Response.msg
[1.819s] -- Up-to-date: /home/niiro/ros2_ws/install/turtlesim/share/turtlesim/srv/TeleportRelative.srv
[1.819s] -- Up-to-date: /home/niiro/ros2_ws/install/turtlesim/share/turtlesim/srv/TeleportRelative_Request.msg
[1.819s] -- Up-to-date: /home/niiro/ros2_ws/install/turtlesim/share/turtlesim/srv/TeleportRelative_Response.msg
[1.819s] -- Up-to-date: /home/niiro/ros2_ws/install/turtlesim/lib/turtlesim/turtlesim_node
[1.820s] -- Up-to-date: /home/niiro/ros2_ws/install/turtlesim/lib/turtlesim/turtle_teleop_key
[1.820s] -- Up-to-date: /home/niiro/ros2_ws/install/turtlesim/lib/turtlesim/draw_square
[1.820s] -- Up-to-date: /home/niiro/ros2_ws/install/turtlesim/lib/turtlesim/mimic
[1.821s] -- Up-to-date: /home/niiro/ros2_ws/install/turtlesim/share/turtlesim/images
[1.821s] -- Up-to-date: /home/niiro/ros2_ws/install/turtlesim/share/turtlesim/images/foxy.png
[1.822s] -- Up-to-date: /home/niiro/ros2_ws/install/turtlesim/share/turtlesim/images/bouncy.png
[1.822s] -- Up-to-date: /home/niiro/ros2_ws/install/turtlesim/share/turtlesim/images/ardent.png
[1.823s] -- Up-to-date: /home/niiro/ros2_ws/install/turtlesim/share/turtlesim/images/eloquent.png
[1.823s] -- Up-to-date: /home/niiro/ros2_ws/install/turtlesim/share/turtlesim/images/humble.png
[1.823s] -- Up-to-date: /home/niiro/ros2_ws/install/turtlesim/share/turtlesim/images/dashing.png
[1.823s] -- Up-to-date: /home/niiro/ros2_ws/install/turtlesim/share/turtlesim/images/galactic.png
[1.824s] -- Up-to-date: /home/niiro/ros2_ws/install/turtlesim/share/turtlesim/images/crystal.png
[1.824s] -- Up-to-date: /home/niiro/ros2_ws/install/turtlesim/share/turtlesim/images/rolling.png
[1.824s] -- Up-to-date: /home/niiro/ros2_ws/install/turtlesim/share/turtlesim/launch
[1.824s] -- Up-to-date: /home/niiro/ros2_ws/install/turtlesim/share/turtlesim/launch/multisim.launch.py
[1.825s] -- Up-to-date: /home/niiro/ros2_ws/install/turtlesim/share/ament_index/resource_index/package_run_dependencies/turtlesim
[1.825s] -- Up-to-date: /home/niiro/ros2_ws/install/turtlesim/share/ament_index/resource_index/parent_prefix_path/turtlesim
[1.825s] -- Up-to-date: /home/niiro/ros2_ws/install/turtlesim/share/turtlesim/environment/ament_prefix_path.sh
[1.826s] -- Up-to-date: /home/niiro/ros2_ws/install/turtlesim/share/turtlesim/environment/ament_prefix_path.dsv
[1.826s] -- Up-to-date: /home/niiro/ros2_ws/install/turtlesim/share/turtlesim/environment/path.sh
[1.826s] -- Up-to-date: /home/niiro/ros2_ws/install/turtlesim/share/turtlesim/environment/path.dsv
[1.827s] -- Up-to-date: /home/niiro/ros2_ws/install/turtlesim/share/turtlesim/local_setup.bash
[1.827s] -- Up-to-date: /home/niiro/ros2_ws/install/turtlesim/share/turtlesim/local_setup.sh
[1.831s] -- Up-to-date: /home/niiro/ros2_ws/install/turtlesim/share/turtlesim/local_setup.zsh
[1.831s] -- Up-to-date: /home/niiro/ros2_ws/install/turtlesim/share/turtlesim/local_setup.dsv
[1.832s] -- Installing: /home/niiro/ros2_ws/install/turtlesim/share/turtlesim/package.dsv
[1.832s] -- Up-to-date: /home/niiro/ros2_ws/install/turtlesim/share/ament_index/resource_index/packages/turtlesim
[1.832s] -- Up-to-date: /home/niiro/ros2_ws/install/turtlesim/share/turtlesim/cmake/export_turtlesim__rosidl_generator_cExport.cmake
[1.833s] -- Up-to-date: /home/niiro/ros2_ws/install/turtlesim/share/turtlesim/cmake/export_turtlesim__rosidl_generator_cExport-noconfig.cmake
[1.834s] -- Up-to-date: /home/niiro/ros2_ws/install/turtlesim/share/turtlesim/cmake/export_turtlesim__rosidl_typesupport_fastrtps_cExport.cmake
[1.855s] -- Up-to-date: /home/niiro/ros2_ws/install/turtlesim/share/turtlesim/cmake/export_turtlesim__rosidl_typesupport_fastrtps_cExport-noconfig.cmake
[1.855s] -- Up-to-date: /home/niiro/ros2_ws/install/turtlesim/share/turtlesim/cmake/export_turtlesim__rosidl_generator_cppExport.cmake
[1.855s] -- Up-to-date: /home/niiro/ros2_ws/install/turtlesim/share/turtlesim/cmake/export_turtlesim__rosidl_typesupport_fastrtps_cppExport.cmake
[1.855s] -- Up-to-date: /home/niiro/ros2_ws/install/turtlesim/share/turtlesim/cmake/export_turtlesim__rosidl_typesupport_fastrtps_cppExport-noconfig.cmake
[1.855s] -- Up-to-date: /home/niiro/ros2_ws/install/turtlesim/share/turtlesim/cmake/turtlesim__rosidl_typesupport_introspection_cExport.cmake
[1.856s] -- Up-to-date: /home/niiro/ros2_ws/install/turtlesim/share/turtlesim/cmake/turtlesim__rosidl_typesupport_introspection_cExport-noconfig.cmake
[1.856s] -- Up-to-date: /home/niiro/ros2_ws/install/turtlesim/share/turtlesim/cmake/turtlesim__rosidl_typesupport_cExport.cmake
[1.856s] -- Up-to-date: /home/niiro/ros2_ws/install/turtlesim/share/turtlesim/cmake/turtlesim__rosidl_typesupport_cExport-noconfig.cmake
[1.856s] -- Up-to-date: /home/niiro/ros2_ws/install/turtlesim/share/turtlesim/cmake/turtlesim__rosidl_typesupport_introspection_cppExport.cmake
[1.856s] -- Up-to-date: /home/niiro/ros2_ws/install/turtlesim/share/turtlesim/cmake/turtlesim__rosidl_typesupport_introspection_cppExport-noconfig.cmake
[1.857s] -- Up-to-date: /home/niiro/ros2_ws/install/turtlesim/share/turtlesim/cmake/turtlesim__rosidl_typesupport_cppExport.cmake
[1.857s] -- Up-to-date: /home/niiro/ros2_ws/install/turtlesim/share/turtlesim/cmake/turtlesim__rosidl_typesupport_cppExport-noconfig.cmake
[1.857s] -- Up-to-date: /home/niiro/ros2_ws/install/turtlesim/share/turtlesim/cmake/export_turtlesim__rosidl_generator_pyExport.cmake
[1.857s] -- Up-to-date: /home/niiro/ros2_ws/install/turtlesim/share/turtlesim/cmake/export_turtlesim__rosidl_generator_pyExport-noconfig.cmake
[1.857s] -- Up-to-date: /home/niiro/ros2_ws/install/turtlesim/share/turtlesim/cmake/rosidl_cmake-extras.cmake
[1.857s] -- Up-to-date: /home/niiro/ros2_ws/install/turtlesim/share/turtlesim/cmake/ament_cmake_export_dependencies-extras.cmake
[1.858s] -- Up-to-date: /home/niiro/ros2_ws/install/turtlesim/share/turtlesim/cmake/ament_cmake_export_include_directories-extras.cmake
[1.858s] -- Up-to-date: /home/niiro/ros2_ws/install/turtlesim/share/turtlesim/cmake/ament_cmake_export_libraries-extras.cmake
[1.858s] -- Up-to-date: /home/niiro/ros2_ws/install/turtlesim/share/turtlesim/cmake/ament_cmake_export_targets-extras.cmake
[1.858s] -- Up-to-date: /home/niiro/ros2_ws/install/turtlesim/share/turtlesim/cmake/rosidl_cmake_export_typesupport_targets-extras.cmake
[1.858s] -- Up-to-date: /home/niiro/ros2_ws/install/turtlesim/share/turtlesim/cmake/rosidl_cmake_export_typesupport_libraries-extras.cmake
[1.859s] -- Up-to-date: /home/niiro/ros2_ws/install/turtlesim/share/turtlesim/cmake/turtlesimConfig.cmake
[1.859s] -- Up-to-date: /home/niiro/ros2_ws/install/turtlesim/share/turtlesim/cmake/turtlesimConfig-version.cmake
[1.859s] -- Up-to-date: /home/niiro/ros2_ws/install/turtlesim/share/turtlesim/package.xml
[1.859s] Invoked command in '/home/niiro/ros2_ws/build/turtlesim' returned '0': CMAKE_PREFIX_PATH=${CMAKE_PREFIX_PATH}:/opt/ros/humble /usr/bin/cmake --install /home/niiro/ros2_ws/build/turtlesim
