[1.416s] Invoking command in '/home/niiro/ros2_ws/src/luxonis': PYTHONPATH=/home/niiro/ros2_ws/build/luxonis/prefix_override:/usr/lib/python3/dist-packages/colcon_core/task/python/colcon_distutils_commands:/home/niiro/ros2_ws/install/luxonis/lib/python3.10/site-packages:${PYTHONPATH} /usr/bin/python3 -W ignore:setup.py install is deprecated setup.py egg_info --egg-base ../../build/luxonis build --build-base /home/niiro/ros2_ws/build/luxonis/build install --record /home/niiro/ros2_ws/build/luxonis/install.log --single-version-externally-managed install_data
[1.953s] running egg_info
[1.955s] writing ../../build/luxonis/luxonis.egg-info/PKG-INFO
[1.955s] writing dependency_links to ../../build/luxonis/luxonis.egg-info/dependency_links.txt
[1.956s] writing entry points to ../../build/luxonis/luxonis.egg-info/entry_points.txt
[1.956s] writing requirements to ../../build/luxonis/luxonis.egg-info/requires.txt
[1.956s] writing top-level names to ../../build/luxonis/luxonis.egg-info/top_level.txt
[1.960s] reading manifest file '../../build/luxonis/luxonis.egg-info/SOURCES.txt'
[1.961s] adding license file 'LICENSE'
[1.962s] writing manifest file '../../build/luxonis/luxonis.egg-info/SOURCES.txt'
[1.963s] running build
[1.963s] running build_py
[1.963s] copying luxonis/subscriberDepth.py -> /home/niiro/ros2_ws/build/luxonis/build/lib/luxonis
[1.964s] copying luxonis/subscriberRGB.py -> /home/niiro/ros2_ws/build/luxonis/build/lib/luxonis
[1.965s] running install
[1.965s] running install_lib
[1.967s] copying /home/niiro/ros2_ws/build/luxonis/build/lib/luxonis/subscriberDepth.py -> /home/niiro/ros2_ws/install/luxonis/lib/python3.10/site-packages/luxonis
[1.968s] copying /home/niiro/ros2_ws/build/luxonis/build/lib/luxonis/subscriberRGB.py -> /home/niiro/ros2_ws/install/luxonis/lib/python3.10/site-packages/luxonis
[1.969s] byte-compiling /home/niiro/ros2_ws/install/luxonis/lib/python3.10/site-packages/luxonis/subscriberDepth.py to subscriberDepth.cpython-310.pyc
[1.970s] byte-compiling /home/niiro/ros2_ws/install/luxonis/lib/python3.10/site-packages/luxonis/subscriberRGB.py to subscriberRGB.cpython-310.pyc
[1.972s] running install_data
[1.973s] running install_egg_info
[1.976s] removing '/home/niiro/ros2_ws/install/luxonis/lib/python3.10/site-packages/luxonis-0.0.0-py3.10.egg-info' (and everything under it)
[1.977s] Copying ../../build/luxonis/luxonis.egg-info to /home/niiro/ros2_ws/install/luxonis/lib/python3.10/site-packages/luxonis-0.0.0-py3.10.egg-info
[1.979s] running install_scripts
[2.022s] Installing applicant script to /home/niiro/ros2_ws/install/luxonis/lib/luxonis
[2.023s] Installing publisher script to /home/niiro/ros2_ws/install/luxonis/lib/luxonis
[2.023s] Installing subscriberDepth script to /home/niiro/ros2_ws/install/luxonis/lib/luxonis
[2.023s] Installing subscriberRGB script to /home/niiro/ros2_ws/install/luxonis/lib/luxonis
[2.025s] writing list of installed files to '/home/niiro/ros2_ws/build/luxonis/install.log'
[2.085s] Invoked command in '/home/niiro/ros2_ws/src/luxonis' returned '0': PYTHONPATH=/home/niiro/ros2_ws/build/luxonis/prefix_override:/usr/lib/python3/dist-packages/colcon_core/task/python/colcon_distutils_commands:/home/niiro/ros2_ws/install/luxonis/lib/python3.10/site-packages:${PYTHONPATH} /usr/bin/python3 -W ignore:setup.py install is deprecated setup.py egg_info --egg-base ../../build/luxonis build --build-base /home/niiro/ros2_ws/build/luxonis/build install --record /home/niiro/ros2_ws/build/luxonis/install.log --single-version-externally-managed install_data
