running egg_info
creating ../../build/luxonis/luxonis.egg-info
writing ../../build/luxonis/luxonis.egg-info/PKG-INFO
writing dependency_links to ../../build/luxonis/luxonis.egg-info/dependency_links.txt
writing entry points to ../../build/luxonis/luxonis.egg-info/entry_points.txt
writing requirements to ../../build/luxonis/luxonis.egg-info/requires.txt
writing top-level names to ../../build/luxonis/luxonis.egg-info/top_level.txt
writing manifest file '../../build/luxonis/luxonis.egg-info/SOURCES.txt'
reading manifest file '../../build/luxonis/luxonis.egg-info/SOURCES.txt'
adding license file 'LICENSE'
writing manifest file '../../build/luxonis/luxonis.egg-info/SOURCES.txt'
running build
running build_py
creating /home/niiro/ros2_ws/build/luxonis/build
creating /home/niiro/ros2_ws/build/luxonis/build/lib
creating /home/niiro/ros2_ws/build/luxonis/build/lib/luxonis
copying luxonis/__init__.py -> /home/niiro/ros2_ws/build/luxonis/build/lib/luxonis
copying luxonis/test.py -> /home/niiro/ros2_ws/build/luxonis/build/lib/luxonis
running install
running install_lib
creating /home/niiro/ros2_ws/install/luxonis/lib/python3.10/site-packages/luxonis
copying /home/niiro/ros2_ws/build/luxonis/build/lib/luxonis/__init__.py -> /home/niiro/ros2_ws/install/luxonis/lib/python3.10/site-packages/luxonis
copying /home/niiro/ros2_ws/build/luxonis/build/lib/luxonis/test.py -> /home/niiro/ros2_ws/install/luxonis/lib/python3.10/site-packages/luxonis
byte-compiling /home/niiro/ros2_ws/install/luxonis/lib/python3.10/site-packages/luxonis/__init__.py to __init__.cpython-310.pyc
byte-compiling /home/niiro/ros2_ws/install/luxonis/lib/python3.10/site-packages/luxonis/test.py to test.cpython-310.pyc
running install_data
creating /home/niiro/ros2_ws/install/luxonis/share/ament_index
creating /home/niiro/ros2_ws/install/luxonis/share/ament_index/resource_index
creating /home/niiro/ros2_ws/install/luxonis/share/ament_index/resource_index/packages
copying resource/luxonis -> /home/niiro/ros2_ws/install/luxonis/share/ament_index/resource_index/packages
copying package.xml -> /home/niiro/ros2_ws/install/luxonis/share/luxonis
running install_egg_info
Copying ../../build/luxonis/luxonis.egg-info to /home/niiro/ros2_ws/install/luxonis/lib/python3.10/site-packages/luxonis-0.0.0-py3.10.egg-info
running install_scripts
Installing test script to /home/niiro/ros2_ws/install/luxonis/lib/luxonis
writing list of installed files to '/home/niiro/ros2_ws/build/luxonis/install.log'
