[1.372s] Invoking command in '/home/niiro/ros2_ws/src/luxonis': PYTHONPATH=/home/niiro/ros2_ws/build/luxonis/prefix_override:/usr/lib/python3/dist-packages/colcon_core/task/python/colcon_distutils_commands:/home/niiro/ros2_ws/install/luxonis/lib/python3.10/site-packages:${PYTHONPATH} /usr/bin/python3 -W ignore:setup.py install is deprecated setup.py egg_info --egg-base ../../build/luxonis build --build-base /home/niiro/ros2_ws/build/luxonis/build install --record /home/niiro/ros2_ws/build/luxonis/install.log --single-version-externally-managed install_data
[1.900s] running egg_info
[1.902s] creating ../../build/luxonis/luxonis.egg-info
[1.903s] writing ../../build/luxonis/luxonis.egg-info/PKG-INFO
[1.903s] writing dependency_links to ../../build/luxonis/luxonis.egg-info/dependency_links.txt
[1.904s] writing entry points to ../../build/luxonis/luxonis.egg-info/entry_points.txt
[1.904s] writing requirements to ../../build/luxonis/luxonis.egg-info/requires.txt
[1.904s] writing top-level names to ../../build/luxonis/luxonis.egg-info/top_level.txt
[1.905s] writing manifest file '../../build/luxonis/luxonis.egg-info/SOURCES.txt'
[1.907s] reading manifest file '../../build/luxonis/luxonis.egg-info/SOURCES.txt'
[1.908s] adding license file 'LICENSE'
[1.909s] writing manifest file '../../build/luxonis/luxonis.egg-info/SOURCES.txt'
[1.910s] running build
[1.910s] running build_py
[1.912s] creating /home/niiro/ros2_ws/build/luxonis/build
[1.913s] creating /home/niiro/ros2_ws/build/luxonis/build/lib
[1.913s] creating /home/niiro/ros2_ws/build/luxonis/build/lib/luxonis
[1.913s] copying luxonis/__init__.py -> /home/niiro/ros2_ws/build/luxonis/build/lib/luxonis
[1.913s] copying luxonis/test.py -> /home/niiro/ros2_ws/build/luxonis/build/lib/luxonis
[1.913s] running install
[1.915s] running install_lib
[1.918s] creating /home/niiro/ros2_ws/install/luxonis/lib/python3.10/site-packages/luxonis
[1.919s] copying /home/niiro/ros2_ws/build/luxonis/build/lib/luxonis/__init__.py -> /home/niiro/ros2_ws/install/luxonis/lib/python3.10/site-packages/luxonis
[1.919s] copying /home/niiro/ros2_ws/build/luxonis/build/lib/luxonis/test.py -> /home/niiro/ros2_ws/install/luxonis/lib/python3.10/site-packages/luxonis
[1.919s] byte-compiling /home/niiro/ros2_ws/install/luxonis/lib/python3.10/site-packages/luxonis/__init__.py to __init__.cpython-310.pyc
[1.919s] byte-compiling /home/niiro/ros2_ws/install/luxonis/lib/python3.10/site-packages/luxonis/test.py to test.cpython-310.pyc
[1.919s] running install_data
[1.920s] creating /home/niiro/ros2_ws/install/luxonis/share/ament_index
[1.920s] creating /home/niiro/ros2_ws/install/luxonis/share/ament_index/resource_index
[1.920s] creating /home/niiro/ros2_ws/install/luxonis/share/ament_index/resource_index/packages
[1.920s] copying resource/luxonis -> /home/niiro/ros2_ws/install/luxonis/share/ament_index/resource_index/packages
[1.920s] copying package.xml -> /home/niiro/ros2_ws/install/luxonis/share/luxonis
[1.920s] running install_egg_info
[1.921s] Copying ../../build/luxonis/luxonis.egg-info to /home/niiro/ros2_ws/install/luxonis/lib/python3.10/site-packages/luxonis-0.0.0-py3.10.egg-info
[1.927s] running install_scripts
[1.965s] Installing test script to /home/niiro/ros2_ws/install/luxonis/lib/luxonis
[1.966s] writing list of installed files to '/home/niiro/ros2_ws/build/luxonis/install.log'
[2.022s] Invoked command in '/home/niiro/ros2_ws/src/luxonis' returned '0': PYTHONPATH=/home/niiro/ros2_ws/build/luxonis/prefix_override:/usr/lib/python3/dist-packages/colcon_core/task/python/colcon_distutils_commands:/home/niiro/ros2_ws/install/luxonis/lib/python3.10/site-packages:${PYTHONPATH} /usr/bin/python3 -W ignore:setup.py install is deprecated setup.py egg_info --egg-base ../../build/luxonis build --build-base /home/niiro/ros2_ws/build/luxonis/build install --record /home/niiro/ros2_ws/build/luxonis/install.log --single-version-externally-managed install_data
