[1.322s] Invoking command in '/home/niiro/ros2_ws/src/luxonis': PYTHONPATH=/home/niiro/ros2_ws/build/luxonis/prefix_override:/usr/lib/python3/dist-packages/colcon_core/task/python/colcon_distutils_commands:/home/niiro/ros2_ws/install/luxonis/lib/python3.10/site-packages:${PYTHONPATH} /usr/bin/python3 -W ignore:setup.py install is deprecated setup.py egg_info --egg-base ../../build/luxonis build --build-base /home/niiro/ros2_ws/build/luxonis/build install --record /home/niiro/ros2_ws/build/luxonis/install.log --single-version-externally-managed install_data
[1.843s] running egg_info
[1.845s] writing ../../build/luxonis/luxonis.egg-info/PKG-INFO
[1.845s] writing dependency_links to ../../build/luxonis/luxonis.egg-info/dependency_links.txt
[1.845s] writing entry points to ../../build/luxonis/luxonis.egg-info/entry_points.txt
[1.846s] writing requirements to ../../build/luxonis/luxonis.egg-info/requires.txt
[1.846s] writing top-level names to ../../build/luxonis/luxonis.egg-info/top_level.txt
[1.850s] reading manifest file '../../build/luxonis/luxonis.egg-info/SOURCES.txt'
[1.850s] adding license file 'LICENSE'
[1.852s] writing manifest file '../../build/luxonis/luxonis.egg-info/SOURCES.txt'
[1.852s] running build
[1.852s] running build_py
[1.853s] copying luxonis/publisher.py -> /home/niiro/ros2_ws/build/luxonis/build/lib/luxonis
[1.854s] running install
[1.855s] running install_lib
[1.857s] copying /home/niiro/ros2_ws/build/luxonis/build/lib/luxonis/publisher.py -> /home/niiro/ros2_ws/install/luxonis/lib/python3.10/site-packages/luxonis
[1.858s] byte-compiling /home/niiro/ros2_ws/install/luxonis/lib/python3.10/site-packages/luxonis/publisher.py to publisher.cpython-310.pyc
[1.861s] running install_data
[1.861s] running install_egg_info
[1.864s] removing '/home/niiro/ros2_ws/install/luxonis/lib/python3.10/site-packages/luxonis-0.0.0-py3.10.egg-info' (and everything under it)
[1.865s] Copying ../../build/luxonis/luxonis.egg-info to /home/niiro/ros2_ws/install/luxonis/lib/python3.10/site-packages/luxonis-0.0.0-py3.10.egg-info
[1.867s] running install_scripts
[1.909s] Installing applicant script to /home/niiro/ros2_ws/install/luxonis/lib/luxonis
[1.910s] Installing publisher script to /home/niiro/ros2_ws/install/luxonis/lib/luxonis
[1.910s] Installing subscriberRGB script to /home/niiro/ros2_ws/install/luxonis/lib/luxonis
[1.910s] Installing test script to /home/niiro/ros2_ws/install/luxonis/lib/luxonis
[1.911s] writing list of installed files to '/home/niiro/ros2_ws/build/luxonis/install.log'
[1.969s] Invoked command in '/home/niiro/ros2_ws/src/luxonis' returned '0': PYTHONPATH=/home/niiro/ros2_ws/build/luxonis/prefix_override:/usr/lib/python3/dist-packages/colcon_core/task/python/colcon_distutils_commands:/home/niiro/ros2_ws/install/luxonis/lib/python3.10/site-packages:${PYTHONPATH} /usr/bin/python3 -W ignore:setup.py install is deprecated setup.py egg_info --egg-base ../../build/luxonis build --build-base /home/niiro/ros2_ws/build/luxonis/build install --record /home/niiro/ros2_ws/build/luxonis/install.log --single-version-externally-managed install_data
